This file contains any messages produced by compilers while
running configure, to aid debugging if configure makes a mistake.

It was created by libmicrohttpd configure 0.9.38, which was
generated by GNU Autoconf 2.69.  Invocation command line was

  $ ./configure 

## --------- ##
## Platform. ##
## --------- ##

hostname = bantower
uname -m = x86_64
uname -r = 2.0.3(0.287/5/3)
uname -s = CYGWIN_NT-6.1
uname -v = 2015-06-03 13:57

/usr/bin/uname -p = unknown
/bin/uname -X     = unknown

/bin/arch              = x86_64
/usr/bin/arch -k       = unknown
/usr/convex/getsysinfo = unknown
/usr/bin/hostinfo      = unknown
/bin/machine           = unknown
/usr/bin/oslevel       = unknown
/bin/universe          = unknown

PATH: /usr/local/bin
PATH: /usr/bin
PATH: /cygdrive/c/ProgramData/Oracle/Java/javapath
PATH: /cygdrive/c/Program Files (x86)/NVIDIA Corporation/PhysX/Common
PATH: /cygdrive/c/Program Files/Common Files/Microsoft Shared/Windows Live
PATH: /cygdrive/c/Program Files (x86)/Intel/iCLS Client
PATH: /cygdrive/c/Program Files/Intel/iCLS Client
PATH: /cygdrive/c/Windows/system32
PATH: /cygdrive/c/Windows
PATH: /cygdrive/c/Windows/System32/Wbem
PATH: /cygdrive/c/Windows/Systsem32/WindowsPowerShell/v1.0
PATH: /cygdrive/c/Program Files/Intel/Intel(R) Management Engine Components/DAL
PATH: /cygdrive/c/Program Files/Intel/Intel(R) Management Engine Components/IPT
PATH: /cygdrive/c/Program Files (x86)/Intel/Intel(R) Management Engine Components/DAL
PATH: /cygdrive/c/Program Files (x86)/Intel/Intel(R) Management Engine Components/IPT
PATH: /cygdrive/c/Program Files (x86)/Microsoft SQL Server/100/Tools/Binn
PATH: /cygdrive/c/Program Files/Microsoft SQL Server/100/Tools/Binn
PATH: /cygdrive/c/Program Files/Microsoft SQL Server/100/DTS/Binn
PATH: /cygdrive/c/Program Files (x86)/Steam
PATH: /cygdrive/c/swigwin-3.0.5
PATH: /cygdrive/c/Python27
PATH: /cygdrive/c/Program Files/Common Files/Microsoft Shared/Windows Live


## ----------- ##
## Core tests. ##
## ----------- ##

configure:2491: checking for a BSD-compatible install
configure:2559: result: /usr/bin/install -c
configure:2570: checking whether build environment is sane
configure:2625: result: yes
configure:2776: checking for a thread-safe mkdir -p
configure:2815: result: /usr/bin/mkdir -p
configure:2822: checking for gawk
configure:2838: found /usr/bin/gawk
configure:2849: result: gawk
configure:2860: checking whether make sets $(MAKE)
configure:2882: result: yes
configure:2911: checking whether make supports nested variables
configure:2928: result: yes
configure:3099: checking for gawk
configure:3126: result: gawk
configure:3138: checking whether ln -s works
configure:3142: result: yes
configure:3149: checking whether make sets $(MAKE)
configure:3171: result: yes
configure:3184: checking build system type
configure:3198: result: x86_64-unknown-cygwin
configure:3218: checking host system type
configure:3231: result: x86_64-unknown-cygwin
configure:3263: checking for style of include used by make
configure:3291: result: GNU
configure:3362: checking for gcc
configure:3378: found /usr/bin/gcc
configure:3389: result: gcc
configure:3618: checking for C compiler version
configure:3627: gcc --version >&5
gcc (GCC) 4.9.2
Copyright (C) 2014 Free Software Foundation, Inc.
This is free software; see the source for copying conditions.  There is NO
warranty; not even for MERCHANTABILITY or FITNESS FOR A PARTICULAR PURPOSE.

configure:3638: $? = 0
configure:3627: gcc -v >&5
Using built-in specs.
COLLECT_GCC=gcc
COLLECT_LTO_WRAPPER=/usr/lib/gcc/x86_64-pc-cygwin/4.9.2/lto-wrapper.exe
Target: x86_64-pc-cygwin
Configured with: /cygdrive/i/szsz/tmpp/gcc/gcc-4.9.2-3.x86_64/src/gcc-4.9.2/configure --srcdir=/cygdrive/i/szsz/tmpp/gcc/gcc-4.9.2-3.x86_64/src/gcc-4.9.2 --prefix=/usr --exec-prefix=/usr --bindir=/usr/bin --sbindir=/usr/sbin --libexecdir=/usr/libexec --datadir=/usr/share --localstatedir=/var --sysconfdir=/etc --libdir=/usr/lib --datarootdir=/usr/share --docdir=/usr/share/doc/gcc --htmldir=/usr/share/doc/gcc/html -C --build=x86_64-pc-cygwin --host=x86_64-pc-cygwin --target=x86_64-pc-cygwin --without-libiconv-prefix --without-libintl-prefix --libexecdir=/usr/lib --enable-shared --enable-shared-libgcc --enable-static --enable-version-specific-runtime-libs --enable-bootstrap --enable-__cxa_atexit --with-dwarf2 --with-tune=generic --enable-languages=ada,c,c++,fortran,lto,objc,obj-c++ --enable-graphite --enable-threads=posix --enable-libatomic --enable-libgomp --disable-libitm --enable-libquadmath --enable-libquadmath-support --enable-libssp --enable-libada --enable-libgcj-sublibs --disable-java-awt --disable-symvers --with-ecj-jar=/usr/share/java/ecj.jar --with-gnu-ld --with-gnu-as --with-cloog-include=/usr/include/cloog-isl --without-libiconv-prefix --without-libintl-prefix --with-system-zlib --enable-linker-build-id
Thread model: posix
gcc version 4.9.2 (GCC) 
configure:3638: $? = 0
configure:3627: gcc -V >&5
gcc: error: unrecognized command line option '-V'
gcc: fatal error: no input files
compilation terminated.
configure:3638: $? = 1
configure:3627: gcc -qversion >&5
gcc: error: unrecognized command line option '-qversion'
gcc: fatal error: no input files
compilation terminated.
configure:3638: $? = 1
configure:3658: checking whether the C compiler works
configure:3680: gcc    conftest.c  >&5
configure:3684: $? = 0
configure:3732: result: yes
configure:3735: checking for C compiler default output file name
configure:3737: result: a.exe
configure:3743: checking for suffix of executables
configure:3750: gcc -o conftest.exe    conftest.c  >&5
configure:3754: $? = 0
configure:3776: result: .exe
configure:3798: checking whether we are cross compiling
configure:3806: gcc -o conftest.exe    conftest.c  >&5
configure:3810: $? = 0
configure:3817: ./conftest.exe
configure:3821: $? = 0
configure:3836: result: no
configure:3841: checking for suffix of object files
configure:3863: gcc -c   conftest.c >&5
configure:3867: $? = 0
configure:3888: result: o
configure:3892: checking whether we are using the GNU C compiler
configure:3911: gcc -c   conftest.c >&5
configure:3911: $? = 0
configure:3920: result: yes
configure:3929: checking whether gcc accepts -g
configure:3949: gcc -c -g  conftest.c >&5
configure:3949: $? = 0
configure:3990: result: yes
configure:4007: checking for gcc option to accept ISO C89
configure:4070: gcc  -c -g -O2  conftest.c >&5
configure:4070: $? = 0
configure:4083: result: none needed
configure:4108: checking whether gcc understands -c and -o together
configure:4130: gcc -c conftest.c -o conftest2.o
configure:4133: $? = 0
configure:4130: gcc -c conftest.c -o conftest2.o
configure:4133: $? = 0
configure:4145: result: yes
configure:4164: checking dependency style of gcc
configure:4275: result: gcc3
configure:4293: WARNING: Libtool does not cope well with whitespace in `pwd`
configure:4337: checking how to print strings
configure:4364: result: printf
configure:4385: checking for a sed that does not truncate output
configure:4449: result: /usr/bin/sed
configure:4467: checking for grep that handles long lines and -e
configure:4525: result: /usr/bin/grep
configure:4530: checking for egrep
configure:4592: result: /usr/bin/grep -E
configure:4597: checking for fgrep
configure:4659: result: /usr/bin/grep -F
configure:4694: checking for ld used by gcc
configure:4761: result: /usr/x86_64-pc-cygwin/bin/ld.exe
configure:4768: checking if the linker (/usr/x86_64-pc-cygwin/bin/ld.exe) is GNU ld
configure:4783: result: yes
configure:4795: checking for BSD- or MS-compatible name lister (nm)
configure:4844: result: /usr/bin/nm -B
configure:4974: checking the name lister (/usr/bin/nm -B) interface
configure:4981: gcc -c -g -O2  conftest.c >&5
configure:4984: /usr/bin/nm -B "conftest.o"
configure:4987: output
0000000000000000 b .bss
0000000000000000 d .data
0000000000000000 N .debug_abbrev
0000000000000000 N .debug_aranges
0000000000000000 N .debug_info
0000000000000000 N .debug_line
0000000000000000 r .rdata$zzz
0000000000000000 t .text
0000000000000000 B some_variable
configure:4994: result: BSD nm
configure:4998: checking the maximum length of command line arguments
configure:5129: result: 8192
configure:5146: checking whether the shell understands some XSI constructs
configure:5156: result: yes
configure:5160: checking whether the shell understands "+="
configure:5166: result: yes
configure:5201: checking how to convert x86_64-unknown-cygwin file names to x86_64-unknown-cygwin format
configure:5241: result: func_convert_file_noop
configure:5248: checking how to convert x86_64-unknown-cygwin file names to toolchain format
configure:5268: result: func_convert_file_noop
configure:5275: checking for /usr/x86_64-pc-cygwin/bin/ld.exe option to reload object files
configure:5282: result: -r
configure:5356: checking for objdump
configure:5372: found /usr/bin/objdump
configure:5383: result: objdump
configure:5412: checking how to recognize dependent libraries
configure:5610: result: file_magic ^x86 archive import|^x86 DLL
configure:5695: checking for dlltool
configure:5711: found /usr/bin/dlltool
configure:5722: result: dlltool
configure:5752: checking how to associate runtime and link libraries
configure:5779: result: func_cygming_dll_for_implib
configure:5840: checking for ar
configure:5856: found /usr/bin/ar
configure:5867: result: ar
configure:5904: checking for archiver @FILE support
configure:5921: gcc -c -g -O2  conftest.c >&5
configure:5921: $? = 0
configure:5924: ar cru libconftest.a @conftest.lst >&5
configure:5927: $? = 0
configure:5932: ar cru libconftest.a @conftest.lst >&5
ar: conftest.o: No such file or directory
configure:5935: $? = 1
configure:5947: result: @
configure:6005: checking for strip
configure:6021: found /usr/bin/strip
configure:6032: result: strip
configure:6104: checking for ranlib
configure:6120: found /usr/bin/ranlib
configure:6131: result: ranlib
configure:6233: checking command to parse /usr/bin/nm -B output from gcc object
configure:6353: gcc -c -g -O2  conftest.c >&5
configure:6356: $? = 0
configure:6360: /usr/bin/nm -B conftest.o \| sed -n -e 's/^.*[ ]\([ABCDGIRSTW][ABCDGIRSTW]*\)[ ][ ]*\([_A-Za-z][_A-Za-z0-9]*\)$/\1 \2 \2/p' | sed '/ __gnu_lto/d' \> conftest.nm
configure:6363: $? = 0
configure:6429: gcc -o conftest.exe -g -O2   conftest.c conftstm.o >&5
configure:6432: $? = 0
configure:6470: result: ok
configure:6507: checking for sysroot
configure:6537: result: no
configure:6806: checking for mt
configure:6836: result: no
configure:6856: checking if : is a manifest tool
configure:6862: : '-?'
configure:6870: result: no
configure:7512: checking how to run the C preprocessor
configure:7543: gcc -E  conftest.c
configure:7543: $? = 0
configure:7557: gcc -E  conftest.c
conftest.c:11:28: fatal error: ac_nonexistent.h: No such file or directory
 #include <ac_nonexistent.h>
                            ^
compilation terminated.
configure:7557: $? = 1
configure: failed program was:
| /* confdefs.h */
| #define PACKAGE_NAME "libmicrohttpd"
| #define PACKAGE_TARNAME "libmicrohttpd"
| #define PACKAGE_VERSION "0.9.38"
| #define PACKAGE_STRING "libmicrohttpd 0.9.38"
| #define PACKAGE_BUGREPORT "libmicrohttpd@gnu.org"
| #define PACKAGE_URL ""
| #define PACKAGE "libmicrohttpd"
| #define VERSION "0.9.38"
| /* end confdefs.h.  */
| #include <ac_nonexistent.h>
configure:7582: result: gcc -E
configure:7602: gcc -E  conftest.c
configure:7602: $? = 0
configure:7616: gcc -E  conftest.c
conftest.c:11:28: fatal error: ac_nonexistent.h: No such file or directory
 #include <ac_nonexistent.h>
                            ^
compilation terminated.
configure:7616: $? = 1
configure: failed program was:
| /* confdefs.h */
| #define PACKAGE_NAME "libmicrohttpd"
| #define PACKAGE_TARNAME "libmicrohttpd"
| #define PACKAGE_VERSION "0.9.38"
| #define PACKAGE_STRING "libmicrohttpd 0.9.38"
| #define PACKAGE_BUGREPORT "libmicrohttpd@gnu.org"
| #define PACKAGE_URL ""
| #define PACKAGE "libmicrohttpd"
| #define VERSION "0.9.38"
| /* end confdefs.h.  */
| #include <ac_nonexistent.h>
configure:7645: checking for ANSI C header files
configure:7665: gcc -c -g -O2  conftest.c >&5
configure:7665: $? = 0
configure:7738: gcc -o conftest.exe -g -O2   conftest.c  >&5
configure:7738: $? = 0
configure:7738: ./conftest.exe
configure:7738: $? = 0
configure:7749: result: yes
configure:7762: checking for sys/types.h
configure:7762: gcc -c -g -O2  conftest.c >&5
configure:7762: $? = 0
configure:7762: result: yes
configure:7762: checking for sys/stat.h
configure:7762: gcc -c -g -O2  conftest.c >&5
configure:7762: $? = 0
configure:7762: result: yes
configure:7762: checking for stdlib.h
configure:7762: gcc -c -g -O2  conftest.c >&5
configure:7762: $? = 0
configure:7762: result: yes
configure:7762: checking for string.h
configure:7762: gcc -c -g -O2  conftest.c >&5
configure:7762: $? = 0
configure:7762: result: yes
configure:7762: checking for memory.h
configure:7762: gcc -c -g -O2  conftest.c >&5
configure:7762: $? = 0
configure:7762: result: yes
configure:7762: checking for strings.h
configure:7762: gcc -c -g -O2  conftest.c >&5
configure:7762: $? = 0
configure:7762: result: yes
configure:7762: checking for inttypes.h
configure:7762: gcc -c -g -O2  conftest.c >&5
configure:7762: $? = 0
configure:7762: result: yes
configure:7762: checking for stdint.h
configure:7762: gcc -c -g -O2  conftest.c >&5
configure:7762: $? = 0
configure:7762: result: yes
configure:7762: checking for unistd.h
configure:7762: gcc -c -g -O2  conftest.c >&5
configure:7762: $? = 0
configure:7762: result: yes
configure:7776: checking for dlfcn.h
configure:7776: gcc -c -g -O2  conftest.c >&5
configure:7776: $? = 0
configure:7776: result: yes
configure:7839: checking for as
configure:7855: found /usr/bin/as
configure:7866: result: as
configure:7931: checking for dlltool
configure:7958: result: dlltool
configure:8023: checking for objdump
configure:8050: result: objdump
configure:8280: checking for objdir
configure:8295: result: .libs
configure:8566: checking if gcc supports -fno-rtti -fno-exceptions
configure:8584: gcc -c -g -O2  -fno-rtti -fno-exceptions conftest.c >&5
cc1: warning: command line option '-fno-rtti' is valid for C++/ObjC++ but not for C
configure:8588: $? = 0
configure:8601: result: no
configure:8928: checking for gcc option to produce PIC
configure:8935: result: -DDLL_EXPORT -DPIC
configure:8943: checking if gcc PIC flag -DDLL_EXPORT -DPIC works
configure:8961: gcc -c -g -O2  -DDLL_EXPORT -DPIC -DPIC conftest.c >&5
configure:8965: $? = 0
configure:8978: result: yes
configure:9007: checking if gcc static flag -static works
configure:9035: result: yes
configure:9050: checking if gcc supports -c -o file.o
configure:9071: gcc -c -g -O2  -o out/conftest2.o conftest.c >&5
configure:9075: $? = 0
configure:9097: result: yes
configure:9105: checking if gcc supports -c -o file.o
configure:9152: result: yes
configure:9185: checking whether the gcc linker (/usr/x86_64-pc-cygwin/bin/ld.exe) supports shared libraries
configure:10342: result: yes
configure:10379: checking whether -lc should be explicitly linked in
configure:10387: gcc -c -g -O2  conftest.c >&5
configure:10390: $? = 0
configure:10405: gcc -shared conftest.o  -v -o ./conftest -Wl,--enable-auto-image-base -Xlinker --out-implib -Xlinker conftest 2\>\&1 \| /usr/bin/grep  -lc  \>/dev/null 2\>\&1
configure:10408: $? = 1
configure:10422: result: yes
configure:10582: checking dynamic linker characteristics
configure:11316: result: Win32 ld.exe
configure:11423: checking how to hardcode library paths into programs
configure:11448: result: immediate
configure:11988: checking whether stripping libraries is possible
configure:11993: result: yes
configure:12028: checking if libtool supports shared libraries
configure:12030: result: yes
configure:12033: checking whether to build shared libraries
configure:12054: result: yes
configure:12057: checking whether to build static libraries
configure:12061: result: yes
configure:12141: checking for windres
configure:12157: found /usr/bin/windres
configure:12168: result: windres
configure:12414: checking if compiler needs -Werror to reject unknown flags
configure:12430: gcc -c -g -O2 -Werror -Wunknown-warning-option -Wsizeof-array-argument  conftest.c >&5
gcc: error: unrecognized command line option '-Wunknown-warning-option'
gcc: error: unrecognized command line option '-Wsizeof-array-argument'
configure:12430: $? = 1
configure: failed program was:
| /* confdefs.h */
| #define PACKAGE_NAME "libmicrohttpd"
| #define PACKAGE_TARNAME "libmicrohttpd"
| #define PACKAGE_VERSION "0.9.38"
| #define PACKAGE_STRING "libmicrohttpd 0.9.38"
| #define PACKAGE_BUGREPORT "libmicrohttpd@gnu.org"
| #define PACKAGE_URL ""
| #define PACKAGE "libmicrohttpd"
| #define VERSION "0.9.38"
| #define STDC_HEADERS 1
| #define HAVE_SYS_TYPES_H 1
| #define HAVE_SYS_STAT_H 1
| #define HAVE_STDLIB_H 1
| #define HAVE_STRING_H 1
| #define HAVE_MEMORY_H 1
| #define HAVE_STRINGS_H 1
| #define HAVE_INTTYPES_H 1
| #define HAVE_STDINT_H 1
| #define HAVE_UNISTD_H 1
| #define HAVE_DLFCN_H 1
| #define LT_OBJDIR ".libs/"
| /* end confdefs.h.  */
| int foo(void);
| int
| main ()
| {
| foo()
|   ;
|   return 0;
| }
configure:12435: result: no
configure:12501: checking for the pthreads library -lpthreads
configure:12539: gcc -o conftest.exe -g -O2     conftest.c -lpthreads  >&5
/usr/lib/gcc/x86_64-pc-cygwin/4.9.2/../../../../x86_64-pc-cygwin/bin/ld: cannot find -lpthreads
collect2: error: ld returned 1 exit status
configure:12539: $? = 1
configure: failed program was:
| /* confdefs.h */
| #define PACKAGE_NAME "libmicrohttpd"
| #define PACKAGE_TARNAME "libmicrohttpd"
| #define PACKAGE_VERSION "0.9.38"
| #define PACKAGE_STRING "libmicrohttpd 0.9.38"
| #define PACKAGE_BUGREPORT "libmicrohttpd@gnu.org"
| #define PACKAGE_URL ""
| #define PACKAGE "libmicrohttpd"
| #define VERSION "0.9.38"
| #define STDC_HEADERS 1
| #define HAVE_SYS_TYPES_H 1
| #define HAVE_SYS_STAT_H 1
| #define HAVE_STDLIB_H 1
| #define HAVE_STRING_H 1
| #define HAVE_MEMORY_H 1
| #define HAVE_STRINGS_H 1
| #define HAVE_INTTYPES_H 1
| #define HAVE_STDINT_H 1
| #define HAVE_UNISTD_H 1
| #define HAVE_DLFCN_H 1
| #define LT_OBJDIR ".libs/"
| /* end confdefs.h.  */
| #include <pthread.h>
|                         static void routine(void *a) { a = 0; }
|                         static void *start_routine(void *a) { return a; }
| int
| main ()
| {
| pthread_t th; pthread_attr_t attr;
|                         pthread_create(&th, 0, start_routine, 0);
|                         pthread_join(th, 0);
|                         pthread_attr_init(&attr);
|                         pthread_cleanup_push(routine, 0);
|                         pthread_cleanup_pop(0) /* ; */
|   ;
|   return 0;
| }
configure:12548: result: no
configure:12446: checking whether pthreads work without any flags
configure:12539: gcc -o conftest.exe -g -O2     conftest.c   >&5
configure:12539: $? = 0
configure:12548: result: yes
configure:12567: checking for joinable pthread attribute
configure:12582: gcc -o conftest.exe -g -O2    conftest.c   >&5
configure:12582: $? = 0
configure:12588: result: PTHREAD_CREATE_JOINABLE
configure:12598: checking if more special flags are required for pthreads
configure:12613: result: no
configure:12619: checking for PTHREAD_PRIO_INHERIT
configure:12636: gcc -o conftest.exe -g -O2    conftest.c   >&5
conftest.c: In function 'main':
conftest.c:27:9: error: 'PTHREAD_PRIO_INHERIT' undeclared (first use in this function)
 int i = PTHREAD_PRIO_INHERIT;
         ^
conftest.c:27:9: note: each undeclared identifier is reported only once for each function it appears in
configure:12636: $? = 1
configure: failed program was:
| /* confdefs.h */
| #define PACKAGE_NAME "libmicrohttpd"
| #define PACKAGE_TARNAME "libmicrohttpd"
| #define PACKAGE_VERSION "0.9.38"
| #define PACKAGE_STRING "libmicrohttpd 0.9.38"
| #define PACKAGE_BUGREPORT "libmicrohttpd@gnu.org"
| #define PACKAGE_URL ""
| #define PACKAGE "libmicrohttpd"
| #define VERSION "0.9.38"
| #define STDC_HEADERS 1
| #define HAVE_SYS_TYPES_H 1
| #define HAVE_SYS_STAT_H 1
| #define HAVE_STDLIB_H 1
| #define HAVE_STRING_H 1
| #define HAVE_MEMORY_H 1
| #define HAVE_STRINGS_H 1
| #define HAVE_INTTYPES_H 1
| #define HAVE_STDINT_H 1
| #define HAVE_UNISTD_H 1
| #define HAVE_DLFCN_H 1
| #define LT_OBJDIR ".libs/"
| /* end confdefs.h.  */
| #include <pthread.h>
| int
| main ()
| {
| int i = PTHREAD_PRIO_INHERIT;
|   ;
|   return 0;
| }
configure:12645: result: no
configure:12751: checking windows.h usability
configure:12751: gcc -c -g -O2  conftest.c >&5
configure:12751: $? = 0
configure:12751: result: yes
configure:12751: checking windows.h presence
configure:12751: gcc -E  conftest.c
configure:12751: $? = 0
configure:12751: result: yes
configure:12751: checking for windows.h
configure:12751: result: yes
configure:12754: checking for CreateThread()
configure:12767: gcc -o conftest.exe -g -O2   conftest.c  >&5
configure:12767: $? = 0
configure:12769: result: yes
configure:13067: checking whether C compiler accepts -fno-strict-aliasing
configure:13086: gcc -c -g -O2  -fno-strict-aliasing  conftest.c >&5
configure:13086: $? = 0
configure:13095: result: yes
configure:13108: : CFLAGS="$CFLAGS $flag"
configure:13111: $? = 0
configure:13127: checking whether byte ordering is bigendian
configure:13142: gcc -c -g -O2 -fno-strict-aliasing  conftest.c >&5
conftest.c:26:9: error: unknown type name 'not'
         not a universal capable compiler
         ^
conftest.c:26:15: error: expected '=', ',', ';', 'asm' or '__attribute__' before 'universal'
         not a universal capable compiler
               ^
conftest.c:26:15: error: unknown type name 'universal'
configure:13142: $? = 1
configure: failed program was:
| /* confdefs.h */
| #define PACKAGE_NAME "libmicrohttpd"
| #define PACKAGE_TARNAME "libmicrohttpd"
| #define PACKAGE_VERSION "0.9.38"
| #define PACKAGE_STRING "libmicrohttpd 0.9.38"
| #define PACKAGE_BUGREPORT "libmicrohttpd@gnu.org"
| #define PACKAGE_URL ""
| #define PACKAGE "libmicrohttpd"
| #define VERSION "0.9.38"
| #define STDC_HEADERS 1
| #define HAVE_SYS_TYPES_H 1
| #define HAVE_SYS_STAT_H 1
| #define HAVE_STDLIB_H 1
| #define HAVE_STRING_H 1
| #define HAVE_MEMORY_H 1
| #define HAVE_STRINGS_H 1
| #define HAVE_INTTYPES_H 1
| #define HAVE_STDINT_H 1
| #define HAVE_UNISTD_H 1
| #define HAVE_DLFCN_H 1
| #define LT_OBJDIR ".libs/"
| #define CYGWIN 1
| #define MHD_USE_POSIX_THREADS 1
| /* end confdefs.h.  */
| #ifndef __APPLE_CC__
| 	       not a universal capable compiler
| 	     #endif
| 	     typedef int dummy;
| 
configure:13187: gcc -c -g -O2 -fno-strict-aliasing  conftest.c >&5
configure:13187: $? = 0
configure:13205: gcc -c -g -O2 -fno-strict-aliasing  conftest.c >&5
conftest.c: In function 'main':
conftest.c:32:4: error: unknown type name 'not'
    not big endian
    ^
conftest.c:32:12: error: expected '=', ',', ';', 'asm' or '__attribute__' before 'endian'
    not big endian
            ^
configure:13205: $? = 1
configure: failed program was:
| /* confdefs.h */
| #define PACKAGE_NAME "libmicrohttpd"
| #define PACKAGE_TARNAME "libmicrohttpd"
| #define PACKAGE_VERSION "0.9.38"
| #define PACKAGE_STRING "libmicrohttpd 0.9.38"
| #define PACKAGE_BUGREPORT "libmicrohttpd@gnu.org"
| #define PACKAGE_URL ""
| #define PACKAGE "libmicrohttpd"
| #define VERSION "0.9.38"
| #define STDC_HEADERS 1
| #define HAVE_SYS_TYPES_H 1
| #define HAVE_SYS_STAT_H 1
| #define HAVE_STDLIB_H 1
| #define HAVE_STRING_H 1
| #define HAVE_MEMORY_H 1
| #define HAVE_STRINGS_H 1
| #define HAVE_INTTYPES_H 1
| #define HAVE_STDINT_H 1
| #define HAVE_UNISTD_H 1
| #define HAVE_DLFCN_H 1
| #define LT_OBJDIR ".libs/"
| #define CYGWIN 1
| #define MHD_USE_POSIX_THREADS 1
| /* end confdefs.h.  */
| #include <sys/types.h>
| 		#include <sys/param.h>
| 
| int
| main ()
| {
| #if BYTE_ORDER != BIG_ENDIAN
| 		 not big endian
| 		#endif
| 
|   ;
|   return 0;
| }
configure:13333: result: no
configure:13354: checking for curl
configure:13382: result: no
configure:13400: checking for makeinfo
configure:13416: found /usr/bin/makeinfo
configure:13428: result: yes
configure:13499: checking linux/version.h usability
configure:13499: gcc -c -g -O2 -fno-strict-aliasing  conftest.c >&5
conftest.c:58:27: fatal error: linux/version.h: No such file or directory
 #include <linux/version.h>
                           ^
compilation terminated.
configure:13499: $? = 1
configure: failed program was:
| /* confdefs.h */
| #define PACKAGE_NAME "libmicrohttpd"
| #define PACKAGE_TARNAME "libmicrohttpd"
| #define PACKAGE_VERSION "0.9.38"
| #define PACKAGE_STRING "libmicrohttpd 0.9.38"
| #define PACKAGE_BUGREPORT "libmicrohttpd@gnu.org"
| #define PACKAGE_URL ""
| #define PACKAGE "libmicrohttpd"
| #define VERSION "0.9.38"
| #define STDC_HEADERS 1
| #define HAVE_SYS_TYPES_H 1
| #define HAVE_SYS_STAT_H 1
| #define HAVE_STDLIB_H 1
| #define HAVE_STRING_H 1
| #define HAVE_MEMORY_H 1
| #define HAVE_STRINGS_H 1
| #define HAVE_INTTYPES_H 1
| #define HAVE_STDINT_H 1
| #define HAVE_UNISTD_H 1
| #define HAVE_DLFCN_H 1
| #define LT_OBJDIR ".libs/"
| #define CYGWIN 1
| #define MHD_USE_POSIX_THREADS 1
| /* end confdefs.h.  */
| #include <stdio.h>
| #ifdef HAVE_SYS_TYPES_H
| # include <sys/types.h>
| #endif
| #ifdef HAVE_SYS_STAT_H
| # include <sys/stat.h>
| #endif
| #ifdef STDC_HEADERS
| # include <stdlib.h>
| # include <stddef.h>
| #else
| # ifdef HAVE_STDLIB_H
| #  include <stdlib.h>
| # endif
| #endif
| #ifdef HAVE_STRING_H
| # if !defined STDC_HEADERS && defined HAVE_MEMORY_H
| #  include <memory.h>
| # endif
| # include <string.h>
| #endif
| #ifdef HAVE_STRINGS_H
| # include <strings.h>
| #endif
| #ifdef HAVE_INTTYPES_H
| # include <inttypes.h>
| #endif
| #ifdef HAVE_STDINT_H
| # include <stdint.h>
| #endif
| #ifdef HAVE_UNISTD_H
| # include <unistd.h>
| #endif
| #include <linux/version.h>
configure:13499: result: no
configure:13499: checking linux/version.h presence
configure:13499: gcc -E  conftest.c
conftest.c:25:27: fatal error: linux/version.h: No such file or directory
 #include <linux/version.h>
                           ^
compilation terminated.
configure:13499: $? = 1
configure: failed program was:
| /* confdefs.h */
| #define PACKAGE_NAME "libmicrohttpd"
| #define PACKAGE_TARNAME "libmicrohttpd"
| #define PACKAGE_VERSION "0.9.38"
| #define PACKAGE_STRING "libmicrohttpd 0.9.38"
| #define PACKAGE_BUGREPORT "libmicrohttpd@gnu.org"
| #define PACKAGE_URL ""
| #define PACKAGE "libmicrohttpd"
| #define VERSION "0.9.38"
| #define STDC_HEADERS 1
| #define HAVE_SYS_TYPES_H 1
| #define HAVE_SYS_STAT_H 1
| #define HAVE_STDLIB_H 1
| #define HAVE_STRING_H 1
| #define HAVE_MEMORY_H 1
| #define HAVE_STRINGS_H 1
| #define HAVE_INTTYPES_H 1
| #define HAVE_STDINT_H 1
| #define HAVE_UNISTD_H 1
| #define HAVE_DLFCN_H 1
| #define LT_OBJDIR ".libs/"
| #define CYGWIN 1
| #define MHD_USE_POSIX_THREADS 1
| /* end confdefs.h.  */
| #include <linux/version.h>
configure:13499: result: no
configure:13499: checking for linux/version.h
configure:13499: result: no
configure:13505: checking for Linux epoll(7) interface
configure:13531: gcc -o conftest.exe -g -O2 -fno-strict-aliasing   conftest.c  >&5
conftest.c:25:29: fatal error: sys/epoll.h: No such file or directory
       #include <sys/epoll.h>
                             ^
compilation terminated.
configure:13531: $? = 1
configure: failed program was:
| /* confdefs.h */
| #define PACKAGE_NAME "libmicrohttpd"
| #define PACKAGE_TARNAME "libmicrohttpd"
| #define PACKAGE_VERSION "0.9.38"
| #define PACKAGE_STRING "libmicrohttpd 0.9.38"
| #define PACKAGE_BUGREPORT "libmicrohttpd@gnu.org"
| #define PACKAGE_URL ""
| #define PACKAGE "libmicrohttpd"
| #define VERSION "0.9.38"
| #define STDC_HEADERS 1
| #define HAVE_SYS_TYPES_H 1
| #define HAVE_SYS_STAT_H 1
| #define HAVE_STDLIB_H 1
| #define HAVE_STRING_H 1
| #define HAVE_MEMORY_H 1
| #define HAVE_STRINGS_H 1
| #define HAVE_INTTYPES_H 1
| #define HAVE_STDINT_H 1
| #define HAVE_UNISTD_H 1
| #define HAVE_DLFCN_H 1
| #define LT_OBJDIR ".libs/"
| #define CYGWIN 1
| #define MHD_USE_POSIX_THREADS 1
| /* end confdefs.h.  */
|       #include <sys/epoll.h>
| #ifdef HAVE_LINUX_VERSION_H
| #  include <linux/version.h>
| #  if LINUX_VERSION_CODE < KERNEL_VERSION(2,5,45)
| #    error linux kernel version is too old to have epoll
| #  endif
| #endif
| 
| int
| main ()
| {
| int fd, rc;
| struct epoll_event ev;
| fd = epoll_create(128);
| rc = epoll_wait(fd, &ev, 1, 0);
|   ;
|   return 0;
| }
configure:13546: result: no
configure:13573: checking for pthread_setname_np
configure:13586: gcc -o conftest.exe -g -O2 -fno-strict-aliasing    conftest.c   >&5
/tmp/cc4H24rr.o: In function `main':
/cygdrive/c/Documents and Settings/banshee/Mis documentos/NetBeansProjects/BanPCars/ext-sources/libmicrohttpd-0.9.38/libmicrohttpd-0.9.38/conftest.c:30: undefined reference to `pthread_setname_np'
/cygdrive/c/Documents and Settings/banshee/Mis documentos/NetBeansProjects/BanPCars/ext-sources/libmicrohttpd-0.9.38/libmicrohttpd-0.9.38/conftest.c:30:(.text.startup+0x19): relocation truncated to fit: R_X86_64_PC32 against undefined symbol `pthread_setname_np'
collect2: error: ld returned 1 exit status
configure:13586: $? = 1
configure: failed program was:
| /* confdefs.h */
| #define PACKAGE_NAME "libmicrohttpd"
| #define PACKAGE_TARNAME "libmicrohttpd"
| #define PACKAGE_VERSION "0.9.38"
| #define PACKAGE_STRING "libmicrohttpd 0.9.38"
| #define PACKAGE_BUGREPORT "libmicrohttpd@gnu.org"
| #define PACKAGE_URL ""
| #define PACKAGE "libmicrohttpd"
| #define VERSION "0.9.38"
| #define STDC_HEADERS 1
| #define HAVE_SYS_TYPES_H 1
| #define HAVE_SYS_STAT_H 1
| #define HAVE_STDLIB_H 1
| #define HAVE_STRING_H 1
| #define HAVE_MEMORY_H 1
| #define HAVE_STRINGS_H 1
| #define HAVE_INTTYPES_H 1
| #define HAVE_STDINT_H 1
| #define HAVE_UNISTD_H 1
| #define HAVE_DLFCN_H 1
| #define LT_OBJDIR ".libs/"
| #define CYGWIN 1
| #define MHD_USE_POSIX_THREADS 1
| #define EPOLL_SUPPORT 0
| /* end confdefs.h.  */
| #include <pthread.h>
| int
| main ()
| {
|   pthread_setname_np(pthread_self(), "name")
|   ;
|   return 0;
| }
configure:13593: result: no
configure:13606: checking fcntl.h usability
configure:13606: gcc -c -g -O2 -fno-strict-aliasing  conftest.c >&5
configure:13606: $? = 0
configure:13606: result: yes
configure:13606: checking fcntl.h presence
configure:13606: gcc -E  conftest.c
configure:13606: $? = 0
configure:13606: result: yes
configure:13606: checking for fcntl.h
configure:13606: result: yes
configure:13606: checking math.h usability
configure:13606: gcc -c -g -O2 -fno-strict-aliasing  conftest.c >&5
configure:13606: $? = 0
configure:13606: result: yes
configure:13606: checking math.h presence
configure:13606: gcc -E  conftest.c
configure:13606: $? = 0
configure:13606: result: yes
configure:13606: checking for math.h
configure:13606: result: yes
configure:13606: checking errno.h usability
configure:13606: gcc -c -g -O2 -fno-strict-aliasing  conftest.c >&5
configure:13606: $? = 0
configure:13606: result: yes
configure:13606: checking errno.h presence
configure:13606: gcc -E  conftest.c
configure:13606: $? = 0
configure:13606: result: yes
configure:13606: checking for errno.h
configure:13606: result: yes
configure:13606: checking limits.h usability
configure:13606: gcc -c -g -O2 -fno-strict-aliasing  conftest.c >&5
configure:13606: $? = 0
configure:13606: result: yes
configure:13606: checking limits.h presence
configure:13606: gcc -E  conftest.c
configure:13606: $? = 0
configure:13606: result: yes
configure:13606: checking for limits.h
configure:13606: result: yes
configure:13606: checking stdio.h usability
configure:13606: gcc -c -g -O2 -fno-strict-aliasing  conftest.c >&5
configure:13606: $? = 0
configure:13606: result: yes
configure:13606: checking stdio.h presence
configure:13606: gcc -E  conftest.c
configure:13606: $? = 0
configure:13606: result: yes
configure:13606: checking for stdio.h
configure:13606: result: yes
configure:13606: checking locale.h usability
configure:13606: gcc -c -g -O2 -fno-strict-aliasing  conftest.c >&5
configure:13606: $? = 0
configure:13606: result: yes
configure:13606: checking locale.h presence
configure:13606: gcc -E  conftest.c
configure:13606: $? = 0
configure:13606: result: yes
configure:13606: checking for locale.h
configure:13606: result: yes
configure:13606: checking for sys/stat.h
configure:13606: result: yes
configure:13606: checking for sys/types.h
configure:13606: result: yes
configure:13606: checking pthread.h usability
configure:13606: gcc -c -g -O2 -fno-strict-aliasing  conftest.c >&5
configure:13606: $? = 0
configure:13606: result: yes
configure:13606: checking pthread.h presence
configure:13606: gcc -E  conftest.c
configure:13606: $? = 0
configure:13606: result: yes
configure:13606: checking for pthread.h
configure:13606: result: yes
configure:13623: checking for sys/types.h
configure:13623: result: yes
configure:13623: checking sys/time.h usability
configure:13623: gcc -c -g -O2 -fno-strict-aliasing  conftest.c >&5
configure:13623: $? = 0
configure:13623: result: yes
configure:13623: checking sys/time.h presence
configure:13623: gcc -E  conftest.c
configure:13623: $? = 0
configure:13623: result: yes
configure:13623: checking for sys/time.h
configure:13623: result: yes
configure:13623: checking sys/msg.h usability
configure:13623: gcc -c -g -O2 -fno-strict-aliasing  conftest.c >&5
configure:13623: $? = 0
configure:13623: result: yes
configure:13623: checking sys/msg.h presence
configure:13623: gcc -E  conftest.c
configure:13623: $? = 0
configure:13623: result: yes
configure:13623: checking for sys/msg.h
configure:13623: result: yes
configure:13623: checking netdb.h usability
configure:13623: gcc -c -g -O2 -fno-strict-aliasing  conftest.c >&5
configure:13623: $? = 0
configure:13623: result: yes
configure:13623: checking netdb.h presence
configure:13623: gcc -E  conftest.c
configure:13623: $? = 0
configure:13623: result: yes
configure:13623: checking for netdb.h
configure:13623: result: yes
configure:13623: checking netinet/in.h usability
configure:13623: gcc -c -g -O2 -fno-strict-aliasing  conftest.c >&5
configure:13623: $? = 0
configure:13623: result: yes
configure:13623: checking netinet/in.h presence
configure:13623: gcc -E  conftest.c
configure:13623: $? = 0
configure:13623: result: yes
configure:13623: checking for netinet/in.h
configure:13623: result: yes
configure:13623: checking netinet/tcp.h usability
configure:13623: gcc -c -g -O2 -fno-strict-aliasing  conftest.c >&5
configure:13623: $? = 0
configure:13623: result: yes
configure:13623: checking netinet/tcp.h presence
configure:13623: gcc -E  conftest.c
configure:13623: $? = 0
configure:13623: result: yes
configure:13623: checking for netinet/tcp.h
configure:13623: result: yes
configure:13623: checking time.h usability
configure:13623: gcc -c -g -O2 -fno-strict-aliasing  conftest.c >&5
configure:13623: $? = 0
configure:13623: result: yes
configure:13623: checking time.h presence
configure:13623: gcc -E  conftest.c
configure:13623: $? = 0
configure:13623: result: yes
configure:13623: checking for time.h
configure:13623: result: yes
configure:13623: checking sys/socket.h usability
configure:13623: gcc -c -g -O2 -fno-strict-aliasing  conftest.c >&5
configure:13623: $? = 0
configure:13623: result: yes
configure:13623: checking sys/socket.h presence
configure:13623: gcc -E  conftest.c
configure:13623: $? = 0
configure:13623: result: yes
configure:13623: checking for sys/socket.h
configure:13623: result: yes
configure:13623: checking sys/mman.h usability
configure:13623: gcc -c -g -O2 -fno-strict-aliasing  conftest.c >&5
configure:13623: $? = 0
configure:13623: result: yes
configure:13623: checking sys/mman.h presence
configure:13623: gcc -E  conftest.c
configure:13623: $? = 0
configure:13623: result: yes
configure:13623: checking for sys/mman.h
configure:13623: result: yes
configure:13623: checking arpa/inet.h usability
configure:13623: gcc -c -g -O2 -fno-strict-aliasing  conftest.c >&5
configure:13623: $? = 0
configure:13623: result: yes
configure:13623: checking arpa/inet.h presence
configure:13623: gcc -E  conftest.c
configure:13623: $? = 0
configure:13623: result: yes
configure:13623: checking for arpa/inet.h
configure:13623: result: yes
configure:13623: checking sys/select.h usability
configure:13623: gcc -c -g -O2 -fno-strict-aliasing  conftest.c >&5
configure:13623: $? = 0
configure:13623: result: yes
configure:13623: checking sys/select.h presence
configure:13623: gcc -E  conftest.c
configure:13623: $? = 0
configure:13623: result: yes
configure:13623: checking for sys/select.h
configure:13623: result: yes
configure:13623: checking poll.h usability
configure:13623: gcc -c -g -O2 -fno-strict-aliasing  conftest.c >&5
configure:13623: $? = 0
configure:13623: result: yes
configure:13623: checking poll.h presence
configure:13623: gcc -E  conftest.c
configure:13623: $? = 0
configure:13623: result: yes
configure:13623: checking for poll.h
configure:13623: result: yes
configure:13623: checking search.h usability
configure:13623: gcc -c -g -O2 -fno-strict-aliasing  conftest.c >&5
configure:13623: $? = 0
configure:13623: result: yes
configure:13623: checking search.h presence
configure:13623: gcc -E  conftest.c
configure:13623: $? = 0
configure:13623: result: yes
configure:13623: checking for search.h
configure:13623: result: yes
configure:13642: checking for struct sockaddr_in.sin_len
configure:13642: gcc -c -g -O2 -fno-strict-aliasing  conftest.c >&5
conftest.c: In function 'main':
conftest.c:64:12: error: 'struct sockaddr_in' has no member named 'sin_len'
 if (ac_aggr.sin_len)
            ^
configure:13642: $? = 1
configure: failed program was:
| /* confdefs.h */
| #define PACKAGE_NAME "libmicrohttpd"
| #define PACKAGE_TARNAME "libmicrohttpd"
| #define PACKAGE_VERSION "0.9.38"
| #define PACKAGE_STRING "libmicrohttpd 0.9.38"
| #define PACKAGE_BUGREPORT "libmicrohttpd@gnu.org"
| #define PACKAGE_URL ""
| #define PACKAGE "libmicrohttpd"
| #define VERSION "0.9.38"
| #define STDC_HEADERS 1
| #define HAVE_SYS_TYPES_H 1
| #define HAVE_SYS_STAT_H 1
| #define HAVE_STDLIB_H 1
| #define HAVE_STRING_H 1
| #define HAVE_MEMORY_H 1
| #define HAVE_STRINGS_H 1
| #define HAVE_INTTYPES_H 1
| #define HAVE_STDINT_H 1
| #define HAVE_UNISTD_H 1
| #define HAVE_DLFCN_H 1
| #define LT_OBJDIR ".libs/"
| #define CYGWIN 1
| #define MHD_USE_POSIX_THREADS 1
| #define EPOLL_SUPPORT 0
| #define HAVE_FCNTL_H 1
| #define HAVE_MATH_H 1
| #define HAVE_ERRNO_H 1
| #define HAVE_LIMITS_H 1
| #define HAVE_STDIO_H 1
| #define HAVE_LOCALE_H 1
| #define HAVE_SYS_STAT_H 1
| #define HAVE_SYS_TYPES_H 1
| #define HAVE_PTHREAD_H 1
| #define HAVE_SYS_TYPES_H 1
| #define HAVE_SYS_TIME_H 1
| #define HAVE_SYS_MSG_H 1
| #define HAVE_NETDB_H 1
| #define HAVE_NETINET_IN_H 1
| #define HAVE_NETINET_TCP_H 1
| #define HAVE_TIME_H 1
| #define HAVE_SYS_SOCKET_H 1
| #define HAVE_SYS_MMAN_H 1
| #define HAVE_ARPA_INET_H 1
| #define HAVE_SYS_SELECT_H 1
| #define HAVE_POLL_H 1
| #define HAVE_SEARCH_H 1
| /* end confdefs.h.  */
| 
|     #ifdef HAVE_SYS_TYPES_H
|       #include <sys/types.h>
|     #endif
|     #ifdef HAVE_SYS_SOCKET_H
|       #include <sys/socket.h>
|     #endif
|     #ifdef HAVE_NETINET_IN_H
|       #include <netinet/in.h>
|     #endif
| 
| 
| int
| main ()
| {
| static struct sockaddr_in ac_aggr;
| if (ac_aggr.sin_len)
| return 0;
|   ;
|   return 0;
| }
configure:13642: gcc -c -g -O2 -fno-strict-aliasing  conftest.c >&5
conftest.c: In function 'main':
conftest.c:64:19: error: 'struct sockaddr_in' has no member named 'sin_len'
 if (sizeof ac_aggr.sin_len)
                   ^
configure:13642: $? = 1
configure: failed program was:
| /* confdefs.h */
| #define PACKAGE_NAME "libmicrohttpd"
| #define PACKAGE_TARNAME "libmicrohttpd"
| #define PACKAGE_VERSION "0.9.38"
| #define PACKAGE_STRING "libmicrohttpd 0.9.38"
| #define PACKAGE_BUGREPORT "libmicrohttpd@gnu.org"
| #define PACKAGE_URL ""
| #define PACKAGE "libmicrohttpd"
| #define VERSION "0.9.38"
| #define STDC_HEADERS 1
| #define HAVE_SYS_TYPES_H 1
| #define HAVE_SYS_STAT_H 1
| #define HAVE_STDLIB_H 1
| #define HAVE_STRING_H 1
| #define HAVE_MEMORY_H 1
| #define HAVE_STRINGS_H 1
| #define HAVE_INTTYPES_H 1
| #define HAVE_STDINT_H 1
| #define HAVE_UNISTD_H 1
| #define HAVE_DLFCN_H 1
| #define LT_OBJDIR ".libs/"
| #define CYGWIN 1
| #define MHD_USE_POSIX_THREADS 1
| #define EPOLL_SUPPORT 0
| #define HAVE_FCNTL_H 1
| #define HAVE_MATH_H 1
| #define HAVE_ERRNO_H 1
| #define HAVE_LIMITS_H 1
| #define HAVE_STDIO_H 1
| #define HAVE_LOCALE_H 1
| #define HAVE_SYS_STAT_H 1
| #define HAVE_SYS_TYPES_H 1
| #define HAVE_PTHREAD_H 1
| #define HAVE_SYS_TYPES_H 1
| #define HAVE_SYS_TIME_H 1
| #define HAVE_SYS_MSG_H 1
| #define HAVE_NETDB_H 1
| #define HAVE_NETINET_IN_H 1
| #define HAVE_NETINET_TCP_H 1
| #define HAVE_TIME_H 1
| #define HAVE_SYS_SOCKET_H 1
| #define HAVE_SYS_MMAN_H 1
| #define HAVE_ARPA_INET_H 1
| #define HAVE_SYS_SELECT_H 1
| #define HAVE_POLL_H 1
| #define HAVE_SEARCH_H 1
| /* end confdefs.h.  */
| 
|     #ifdef HAVE_SYS_TYPES_H
|       #include <sys/types.h>
|     #endif
|     #ifdef HAVE_SYS_SOCKET_H
|       #include <sys/socket.h>
|     #endif
|     #ifdef HAVE_NETINET_IN_H
|       #include <netinet/in.h>
|     #endif
| 
| 
| int
| main ()
| {
| static struct sockaddr_in ac_aggr;
| if (sizeof ac_aggr.sin_len)
| return 0;
|   ;
|   return 0;
| }
configure:13642: result: no
configure:13663: checking whether to enable signaling by socketpair
configure:13681: result: yes, forced on W32
configure:13746: checking for memmem
configure:13746: gcc -o conftest.exe -g -O2 -fno-strict-aliasing   conftest.c  >&5
configure:13746: $? = 0
configure:13746: result: yes
configure:13746: checking for accept4
configure:13746: gcc -o conftest.exe -g -O2 -fno-strict-aliasing   conftest.c  >&5
configure:13746: $? = 0
configure:13746: result: yes
configure:13760: checking for gmtime_s
configure:13774: gcc -o conftest.exe -g -O2 -fno-strict-aliasing   conftest.c  >&5
/tmp/ccZaIDii.o: In function `main':
/cygdrive/c/Documents and Settings/banshee/Mis documentos/NetBeansProjects/BanPCars/ext-sources/libmicrohttpd-0.9.38/libmicrohttpd-0.9.38/conftest.c:55: undefined reference to `gmtime_s'
/cygdrive/c/Documents and Settings/banshee/Mis documentos/NetBeansProjects/BanPCars/ext-sources/libmicrohttpd-0.9.38/libmicrohttpd-0.9.38/conftest.c:55:(.text.startup+0x20): relocation truncated to fit: R_X86_64_PC32 against undefined symbol `gmtime_s'
collect2: error: ld returned 1 exit status
configure:13774: $? = 1
configure: failed program was:
| /* confdefs.h */
| #define PACKAGE_NAME "libmicrohttpd"
| #define PACKAGE_TARNAME "libmicrohttpd"
| #define PACKAGE_VERSION "0.9.38"
| #define PACKAGE_STRING "libmicrohttpd 0.9.38"
| #define PACKAGE_BUGREPORT "libmicrohttpd@gnu.org"
| #define PACKAGE_URL ""
| #define PACKAGE "libmicrohttpd"
| #define VERSION "0.9.38"
| #define STDC_HEADERS 1
| #define HAVE_SYS_TYPES_H 1
| #define HAVE_SYS_STAT_H 1
| #define HAVE_STDLIB_H 1
| #define HAVE_STRING_H 1
| #define HAVE_MEMORY_H 1
| #define HAVE_STRINGS_H 1
| #define HAVE_INTTYPES_H 1
| #define HAVE_STDINT_H 1
| #define HAVE_UNISTD_H 1
| #define HAVE_DLFCN_H 1
| #define LT_OBJDIR ".libs/"
| #define CYGWIN 1
| #define MHD_USE_POSIX_THREADS 1
| #define EPOLL_SUPPORT 0
| #define HAVE_FCNTL_H 1
| #define HAVE_MATH_H 1
| #define HAVE_ERRNO_H 1
| #define HAVE_LIMITS_H 1
| #define HAVE_STDIO_H 1
| #define HAVE_LOCALE_H 1
| #define HAVE_SYS_STAT_H 1
| #define HAVE_SYS_TYPES_H 1
| #define HAVE_PTHREAD_H 1
| #define HAVE_SYS_TYPES_H 1
| #define HAVE_SYS_TIME_H 1
| #define HAVE_SYS_MSG_H 1
| #define HAVE_NETDB_H 1
| #define HAVE_NETINET_IN_H 1
| #define HAVE_NETINET_TCP_H 1
| #define HAVE_TIME_H 1
| #define HAVE_SYS_SOCKET_H 1
| #define HAVE_SYS_MMAN_H 1
| #define HAVE_ARPA_INET_H 1
| #define HAVE_SYS_SELECT_H 1
| #define HAVE_POLL_H 1
| #define HAVE_SEARCH_H 1
| #define MHD_DONT_USE_PIPES 1
| #define HAVE_MEMMEM 1
| #define HAVE_ACCEPT4 1
| /* end confdefs.h.  */
|  #include <time.h>
| int
| main ()
| {
| struct tm now; time_t t; time (&t); gmtime_s (&now, &t)
|   ;
|   return 0;
| }
| 
configure:13783: result: no
configure:13791: checking whether SOCK_NONBLOCK is declared
configure:13791: gcc -c -g -O2 -fno-strict-aliasing  conftest.c >&5
configure:13791: $? = 0
configure:13791: result: yes
configure:13819: checking for library containing clock_gettime
configure:13850: gcc -o conftest.exe -g -O2 -fno-strict-aliasing   conftest.c  >&5
configure:13850: $? = 0
configure:13867: result: none required
configure:13881: checking for IPv6
configure:13913: gcc -c -g -O2 -fno-strict-aliasing  conftest.c >&5
configure:13913: $? = 0
configure:13926: result: yes
configure:13930: checking whether TCP_CORK is declared
configure:13930: gcc -c -g -O2 -fno-strict-aliasing  conftest.c >&5
In file included from conftest.c:55:0:
/usr/include/netinet/tcp.h:42:9: error: unknown type name 'u_int32_t'
 typedef u_int32_t tcp_seq;
         ^
/usr/include/netinet/tcp.h:43:9: error: unknown type name 'u_int32_t'
 typedef u_int32_t tcp_cc;               /* connection count per rfc1644 */
         ^
/usr/include/netinet/tcp.h:53:2: error: unknown type name 'u_short'
  u_short th_sport;               /* source port */
  ^
/usr/include/netinet/tcp.h:54:2: error: unknown type name 'u_short'
  u_short th_dport;               /* destination port */
  ^
/usr/include/netinet/tcp.h:58:2: error: unknown type name 'u_int'
  u_int   th_x2:4,                /* (unused) */
  ^
/usr/include/netinet/tcp.h:65:2: error: unknown type name 'u_char'
  u_char  th_flags;
  ^
/usr/include/netinet/tcp.h:74:2: error: unknown type name 'u_short'
  u_short th_win;                 /* window */
  ^
/usr/include/netinet/tcp.h:75:2: error: unknown type name 'u_short'
  u_short th_sum;                 /* checksum */
  ^
/usr/include/netinet/tcp.h:76:2: error: unknown type name 'u_short'
  u_short th_urp;                 /* urgent pointer */
  ^
conftest.c: In function 'main':
conftest.c:64:10: error: 'TCP_CORK' undeclared (first use in this function)
   (void) TCP_CORK;
          ^
conftest.c:64:10: note: each undeclared identifier is reported only once for each function it appears in
configure:13930: $? = 1
configure: failed program was:
| /* confdefs.h */
| #define PACKAGE_NAME "libmicrohttpd"
| #define PACKAGE_TARNAME "libmicrohttpd"
| #define PACKAGE_VERSION "0.9.38"
| #define PACKAGE_STRING "libmicrohttpd 0.9.38"
| #define PACKAGE_BUGREPORT "libmicrohttpd@gnu.org"
| #define PACKAGE_URL ""
| #define PACKAGE "libmicrohttpd"
| #define VERSION "0.9.38"
| #define STDC_HEADERS 1
| #define HAVE_SYS_TYPES_H 1
| #define HAVE_SYS_STAT_H 1
| #define HAVE_STDLIB_H 1
| #define HAVE_STRING_H 1
| #define HAVE_MEMORY_H 1
| #define HAVE_STRINGS_H 1
| #define HAVE_INTTYPES_H 1
| #define HAVE_STDINT_H 1
| #define HAVE_UNISTD_H 1
| #define HAVE_DLFCN_H 1
| #define LT_OBJDIR ".libs/"
| #define CYGWIN 1
| #define MHD_USE_POSIX_THREADS 1
| #define EPOLL_SUPPORT 0
| #define HAVE_FCNTL_H 1
| #define HAVE_MATH_H 1
| #define HAVE_ERRNO_H 1
| #define HAVE_LIMITS_H 1
| #define HAVE_STDIO_H 1
| #define HAVE_LOCALE_H 1
| #define HAVE_SYS_STAT_H 1
| #define HAVE_SYS_TYPES_H 1
| #define HAVE_PTHREAD_H 1
| #define HAVE_SYS_TYPES_H 1
| #define HAVE_SYS_TIME_H 1
| #define HAVE_SYS_MSG_H 1
| #define HAVE_NETDB_H 1
| #define HAVE_NETINET_IN_H 1
| #define HAVE_NETINET_TCP_H 1
| #define HAVE_TIME_H 1
| #define HAVE_SYS_SOCKET_H 1
| #define HAVE_SYS_MMAN_H 1
| #define HAVE_ARPA_INET_H 1
| #define HAVE_SYS_SELECT_H 1
| #define HAVE_POLL_H 1
| #define HAVE_SEARCH_H 1
| #define MHD_DONT_USE_PIPES 1
| #define HAVE_MEMMEM 1
| #define HAVE_ACCEPT4 1
| #define HAVE_DECL_SOCK_NONBLOCK 1
| #define HAVE_SOCK_NONBLOCK 1
| #define HAVE_CLOCK_GETTIME 1
| #define HAVE_INET6 1
| /* end confdefs.h.  */
| #include <netinet/tcp.h>
| 
| int
| main ()
| {
| #ifndef TCP_CORK
| #ifdef __cplusplus
|   (void) TCP_CORK;
| #else
|   (void) TCP_CORK;
| #endif
| #endif
| 
|   ;
|   return 0;
| }
configure:13930: result: no
configure:13941: checking whether TCP_NOPUSH is declared
configure:13941: gcc -c -g -O2 -fno-strict-aliasing  conftest.c >&5
In file included from conftest.c:56:0:
/usr/include/netinet/tcp.h:42:9: error: unknown type name 'u_int32_t'
 typedef u_int32_t tcp_seq;
         ^
/usr/include/netinet/tcp.h:43:9: error: unknown type name 'u_int32_t'
 typedef u_int32_t tcp_cc;               /* connection count per rfc1644 */
         ^
/usr/include/netinet/tcp.h:53:2: error: unknown type name 'u_short'
  u_short th_sport;               /* source port */
  ^
/usr/include/netinet/tcp.h:54:2: error: unknown type name 'u_short'
  u_short th_dport;               /* destination port */
  ^
/usr/include/netinet/tcp.h:58:2: error: unknown type name 'u_int'
  u_int   th_x2:4,                /* (unused) */
  ^
/usr/include/netinet/tcp.h:65:2: error: unknown type name 'u_char'
  u_char  th_flags;
  ^
/usr/include/netinet/tcp.h:74:2: error: unknown type name 'u_short'
  u_short th_win;                 /* window */
  ^
/usr/include/netinet/tcp.h:75:2: error: unknown type name 'u_short'
  u_short th_sum;                 /* checksum */
  ^
/usr/include/netinet/tcp.h:76:2: error: unknown type name 'u_short'
  u_short th_urp;                 /* urgent pointer */
  ^
configure:13941: $? = 1
configure: failed program was:
| /* confdefs.h */
| #define PACKAGE_NAME "libmicrohttpd"
| #define PACKAGE_TARNAME "libmicrohttpd"
| #define PACKAGE_VERSION "0.9.38"
| #define PACKAGE_STRING "libmicrohttpd 0.9.38"
| #define PACKAGE_BUGREPORT "libmicrohttpd@gnu.org"
| #define PACKAGE_URL ""
| #define PACKAGE "libmicrohttpd"
| #define VERSION "0.9.38"
| #define STDC_HEADERS 1
| #define HAVE_SYS_TYPES_H 1
| #define HAVE_SYS_STAT_H 1
| #define HAVE_STDLIB_H 1
| #define HAVE_STRING_H 1
| #define HAVE_MEMORY_H 1
| #define HAVE_STRINGS_H 1
| #define HAVE_INTTYPES_H 1
| #define HAVE_STDINT_H 1
| #define HAVE_UNISTD_H 1
| #define HAVE_DLFCN_H 1
| #define LT_OBJDIR ".libs/"
| #define CYGWIN 1
| #define MHD_USE_POSIX_THREADS 1
| #define EPOLL_SUPPORT 0
| #define HAVE_FCNTL_H 1
| #define HAVE_MATH_H 1
| #define HAVE_ERRNO_H 1
| #define HAVE_LIMITS_H 1
| #define HAVE_STDIO_H 1
| #define HAVE_LOCALE_H 1
| #define HAVE_SYS_STAT_H 1
| #define HAVE_SYS_TYPES_H 1
| #define HAVE_PTHREAD_H 1
| #define HAVE_SYS_TYPES_H 1
| #define HAVE_SYS_TIME_H 1
| #define HAVE_SYS_MSG_H 1
| #define HAVE_NETDB_H 1
| #define HAVE_NETINET_IN_H 1
| #define HAVE_NETINET_TCP_H 1
| #define HAVE_TIME_H 1
| #define HAVE_SYS_SOCKET_H 1
| #define HAVE_SYS_MMAN_H 1
| #define HAVE_ARPA_INET_H 1
| #define HAVE_SYS_SELECT_H 1
| #define HAVE_POLL_H 1
| #define HAVE_SEARCH_H 1
| #define MHD_DONT_USE_PIPES 1
| #define HAVE_MEMMEM 1
| #define HAVE_ACCEPT4 1
| #define HAVE_DECL_SOCK_NONBLOCK 1
| #define HAVE_SOCK_NONBLOCK 1
| #define HAVE_CLOCK_GETTIME 1
| #define HAVE_INET6 1
| #define HAVE_DECL_TCP_CORK 0
| /* end confdefs.h.  */
| #include <netinet/tcp.h>
| 
| int
| main ()
| {
| #ifndef TCP_NOPUSH
| #ifdef __cplusplus
|   (void) TCP_NOPUSH;
| #else
|   (void) TCP_NOPUSH;
| #endif
| #endif
| 
|   ;
|   return 0;
| }
configure:13941: result: no
configure:13963: checking whether C compiler accepts -fvisibility=hidden
configure:13982: gcc -c -g -O2 -fno-strict-aliasing  -fvisibility=hidden  conftest.c >&5
configure:13982: $? = 0
configure:13990: result: yes
configure:14053: checking for gawk
configure:14080: result: gawk
configure:14142: checking for curl-config
configure:14175: result: no
configure:14251: checking whether libcurl is usable
configure:14285: gcc -o conftest.exe -g -O2 -fno-strict-aliasing    conftest.c  -lcurl  >&5
conftest.c:58:23: fatal error: curl/curl.h: No such file or directory
 #include <curl/curl.h>
                       ^
compilation terminated.
configure:14285: $? = 1
configure: failed program was:
| /* confdefs.h */
| #define PACKAGE_NAME "libmicrohttpd"
| #define PACKAGE_TARNAME "libmicrohttpd"
| #define PACKAGE_VERSION "0.9.38"
| #define PACKAGE_STRING "libmicrohttpd 0.9.38"
| #define PACKAGE_BUGREPORT "libmicrohttpd@gnu.org"
| #define PACKAGE_URL ""
| #define PACKAGE "libmicrohttpd"
| #define VERSION "0.9.38"
| #define STDC_HEADERS 1
| #define HAVE_SYS_TYPES_H 1
| #define HAVE_SYS_STAT_H 1
| #define HAVE_STDLIB_H 1
| #define HAVE_STRING_H 1
| #define HAVE_MEMORY_H 1
| #define HAVE_STRINGS_H 1
| #define HAVE_INTTYPES_H 1
| #define HAVE_STDINT_H 1
| #define HAVE_UNISTD_H 1
| #define HAVE_DLFCN_H 1
| #define LT_OBJDIR ".libs/"
| #define CYGWIN 1
| #define MHD_USE_POSIX_THREADS 1
| #define EPOLL_SUPPORT 0
| #define HAVE_FCNTL_H 1
| #define HAVE_MATH_H 1
| #define HAVE_ERRNO_H 1
| #define HAVE_LIMITS_H 1
| #define HAVE_STDIO_H 1
| #define HAVE_LOCALE_H 1
| #define HAVE_SYS_STAT_H 1
| #define HAVE_SYS_TYPES_H 1
| #define HAVE_PTHREAD_H 1
| #define HAVE_SYS_TYPES_H 1
| #define HAVE_SYS_TIME_H 1
| #define HAVE_SYS_MSG_H 1
| #define HAVE_NETDB_H 1
| #define HAVE_NETINET_IN_H 1
| #define HAVE_NETINET_TCP_H 1
| #define HAVE_TIME_H 1
| #define HAVE_SYS_SOCKET_H 1
| #define HAVE_SYS_MMAN_H 1
| #define HAVE_ARPA_INET_H 1
| #define HAVE_SYS_SELECT_H 1
| #define HAVE_POLL_H 1
| #define HAVE_SEARCH_H 1
| #define MHD_DONT_USE_PIPES 1
| #define HAVE_MEMMEM 1
| #define HAVE_ACCEPT4 1
| #define HAVE_DECL_SOCK_NONBLOCK 1
| #define HAVE_SOCK_NONBLOCK 1
| #define HAVE_CLOCK_GETTIME 1
| #define HAVE_INET6 1
| #define HAVE_DECL_TCP_CORK 0
| #define HAVE_DECL_TCP_NOPUSH 0
| #define _MHD_EXTERN __attribute__((visibility("default"))) extern
| /* end confdefs.h.  */
| #include <curl/curl.h>
| int
| main ()
| {
| 
| /* Try and use a few common options to force a failure if we are
|    missing symbols or can't link. */
| int x;
| curl_easy_setopt(NULL,CURLOPT_URL,NULL);
| x=CURL_ERROR_SIZE;
| x=CURLOPT_WRITEFUNCTION;
| x=CURLOPT_FILE;
| x=CURLOPT_ERRORBUFFER;
| x=CURLOPT_STDERR;
| x=CURLOPT_VERBOSE;
| if (x) ;
| 
|   ;
|   return 0;
| }
configure:14299: result: no
configure:14432: checking for magic_open in -lmagic
configure:14457: gcc -o conftest.exe -g -O2 -fno-strict-aliasing   conftest.c -lmagic   >&5
/usr/lib/gcc/x86_64-pc-cygwin/4.9.2/../../../../x86_64-pc-cygwin/bin/ld: cannot find -lmagic
collect2: error: ld returned 1 exit status
configure:14457: $? = 1
configure: failed program was:
| /* confdefs.h */
| #define PACKAGE_NAME "libmicrohttpd"
| #define PACKAGE_TARNAME "libmicrohttpd"
| #define PACKAGE_VERSION "0.9.38"
| #define PACKAGE_STRING "libmicrohttpd 0.9.38"
| #define PACKAGE_BUGREPORT "libmicrohttpd@gnu.org"
| #define PACKAGE_URL ""
| #define PACKAGE "libmicrohttpd"
| #define VERSION "0.9.38"
| #define STDC_HEADERS 1
| #define HAVE_SYS_TYPES_H 1
| #define HAVE_SYS_STAT_H 1
| #define HAVE_STDLIB_H 1
| #define HAVE_STRING_H 1
| #define HAVE_MEMORY_H 1
| #define HAVE_STRINGS_H 1
| #define HAVE_INTTYPES_H 1
| #define HAVE_STDINT_H 1
| #define HAVE_UNISTD_H 1
| #define HAVE_DLFCN_H 1
| #define LT_OBJDIR ".libs/"
| #define CYGWIN 1
| #define MHD_USE_POSIX_THREADS 1
| #define EPOLL_SUPPORT 0
| #define HAVE_FCNTL_H 1
| #define HAVE_MATH_H 1
| #define HAVE_ERRNO_H 1
| #define HAVE_LIMITS_H 1
| #define HAVE_STDIO_H 1
| #define HAVE_LOCALE_H 1
| #define HAVE_SYS_STAT_H 1
| #define HAVE_SYS_TYPES_H 1
| #define HAVE_PTHREAD_H 1
| #define HAVE_SYS_TYPES_H 1
| #define HAVE_SYS_TIME_H 1
| #define HAVE_SYS_MSG_H 1
| #define HAVE_NETDB_H 1
| #define HAVE_NETINET_IN_H 1
| #define HAVE_NETINET_TCP_H 1
| #define HAVE_TIME_H 1
| #define HAVE_SYS_SOCKET_H 1
| #define HAVE_SYS_MMAN_H 1
| #define HAVE_ARPA_INET_H 1
| #define HAVE_SYS_SELECT_H 1
| #define HAVE_POLL_H 1
| #define HAVE_SEARCH_H 1
| #define MHD_DONT_USE_PIPES 1
| #define HAVE_MEMMEM 1
| #define HAVE_ACCEPT4 1
| #define HAVE_DECL_SOCK_NONBLOCK 1
| #define HAVE_SOCK_NONBLOCK 1
| #define HAVE_CLOCK_GETTIME 1
| #define HAVE_INET6 1
| #define HAVE_DECL_TCP_CORK 0
| #define HAVE_DECL_TCP_NOPUSH 0
| #define _MHD_EXTERN __attribute__((visibility("default"))) extern
| /* end confdefs.h.  */
| 
| /* Override any GCC internal prototype to avoid an error.
|    Use char because int might match the return type of a GCC
|    builtin and then its argument prototype would still apply.  */
| #ifdef __cplusplus
| extern "C"
| #endif
| char magic_open ();
| int
| main ()
| {
| return magic_open ();
|   ;
|   return 0;
| }
configure:14466: result: no
configure:14762: checking whether we have OpenSSL and thus can support libmicrospdy
configure:14764: result: no
configure:14781: checking spdylay/spdylay.h usability
configure:14781: gcc -c -g -O2 -fno-strict-aliasing  conftest.c >&5
conftest.c:92:29: fatal error: spdylay/spdylay.h: No such file or directory
 #include <spdylay/spdylay.h>
                             ^
compilation terminated.
configure:14781: $? = 1
configure: failed program was:
| /* confdefs.h */
| #define PACKAGE_NAME "libmicrohttpd"
| #define PACKAGE_TARNAME "libmicrohttpd"
| #define PACKAGE_VERSION "0.9.38"
| #define PACKAGE_STRING "libmicrohttpd 0.9.38"
| #define PACKAGE_BUGREPORT "libmicrohttpd@gnu.org"
| #define PACKAGE_URL ""
| #define PACKAGE "libmicrohttpd"
| #define VERSION "0.9.38"
| #define STDC_HEADERS 1
| #define HAVE_SYS_TYPES_H 1
| #define HAVE_SYS_STAT_H 1
| #define HAVE_STDLIB_H 1
| #define HAVE_STRING_H 1
| #define HAVE_MEMORY_H 1
| #define HAVE_STRINGS_H 1
| #define HAVE_INTTYPES_H 1
| #define HAVE_STDINT_H 1
| #define HAVE_UNISTD_H 1
| #define HAVE_DLFCN_H 1
| #define LT_OBJDIR ".libs/"
| #define CYGWIN 1
| #define MHD_USE_POSIX_THREADS 1
| #define EPOLL_SUPPORT 0
| #define HAVE_FCNTL_H 1
| #define HAVE_MATH_H 1
| #define HAVE_ERRNO_H 1
| #define HAVE_LIMITS_H 1
| #define HAVE_STDIO_H 1
| #define HAVE_LOCALE_H 1
| #define HAVE_SYS_STAT_H 1
| #define HAVE_SYS_TYPES_H 1
| #define HAVE_PTHREAD_H 1
| #define HAVE_SYS_TYPES_H 1
| #define HAVE_SYS_TIME_H 1
| #define HAVE_SYS_MSG_H 1
| #define HAVE_NETDB_H 1
| #define HAVE_NETINET_IN_H 1
| #define HAVE_NETINET_TCP_H 1
| #define HAVE_TIME_H 1
| #define HAVE_SYS_SOCKET_H 1
| #define HAVE_SYS_MMAN_H 1
| #define HAVE_ARPA_INET_H 1
| #define HAVE_SYS_SELECT_H 1
| #define HAVE_POLL_H 1
| #define HAVE_SEARCH_H 1
| #define MHD_DONT_USE_PIPES 1
| #define HAVE_MEMMEM 1
| #define HAVE_ACCEPT4 1
| #define HAVE_DECL_SOCK_NONBLOCK 1
| #define HAVE_SOCK_NONBLOCK 1
| #define HAVE_CLOCK_GETTIME 1
| #define HAVE_INET6 1
| #define HAVE_DECL_TCP_CORK 0
| #define HAVE_DECL_TCP_NOPUSH 0
| #define _MHD_EXTERN __attribute__((visibility("default"))) extern
| #define SPDY_SUPPORT 0
| /* end confdefs.h.  */
| #include <stdio.h>
| #ifdef HAVE_SYS_TYPES_H
| # include <sys/types.h>
| #endif
| #ifdef HAVE_SYS_STAT_H
| # include <sys/stat.h>
| #endif
| #ifdef STDC_HEADERS
| # include <stdlib.h>
| # include <stddef.h>
| #else
| # ifdef HAVE_STDLIB_H
| #  include <stdlib.h>
| # endif
| #endif
| #ifdef HAVE_STRING_H
| # if !defined STDC_HEADERS && defined HAVE_MEMORY_H
| #  include <memory.h>
| # endif
| # include <string.h>
| #endif
| #ifdef HAVE_STRINGS_H
| # include <strings.h>
| #endif
| #ifdef HAVE_INTTYPES_H
| # include <inttypes.h>
| #endif
| #ifdef HAVE_STDINT_H
| # include <stdint.h>
| #endif
| #ifdef HAVE_UNISTD_H
| # include <unistd.h>
| #endif
| #include <spdylay/spdylay.h>
configure:14781: result: no
configure:14781: checking spdylay/spdylay.h presence
configure:14781: gcc -E  conftest.c
conftest.c:59:29: fatal error: spdylay/spdylay.h: No such file or directory
 #include <spdylay/spdylay.h>
                             ^
compilation terminated.
configure:14781: $? = 1
configure: failed program was:
| /* confdefs.h */
| #define PACKAGE_NAME "libmicrohttpd"
| #define PACKAGE_TARNAME "libmicrohttpd"
| #define PACKAGE_VERSION "0.9.38"
| #define PACKAGE_STRING "libmicrohttpd 0.9.38"
| #define PACKAGE_BUGREPORT "libmicrohttpd@gnu.org"
| #define PACKAGE_URL ""
| #define PACKAGE "libmicrohttpd"
| #define VERSION "0.9.38"
| #define STDC_HEADERS 1
| #define HAVE_SYS_TYPES_H 1
| #define HAVE_SYS_STAT_H 1
| #define HAVE_STDLIB_H 1
| #define HAVE_STRING_H 1
| #define HAVE_MEMORY_H 1
| #define HAVE_STRINGS_H 1
| #define HAVE_INTTYPES_H 1
| #define HAVE_STDINT_H 1
| #define HAVE_UNISTD_H 1
| #define HAVE_DLFCN_H 1
| #define LT_OBJDIR ".libs/"
| #define CYGWIN 1
| #define MHD_USE_POSIX_THREADS 1
| #define EPOLL_SUPPORT 0
| #define HAVE_FCNTL_H 1
| #define HAVE_MATH_H 1
| #define HAVE_ERRNO_H 1
| #define HAVE_LIMITS_H 1
| #define HAVE_STDIO_H 1
| #define HAVE_LOCALE_H 1
| #define HAVE_SYS_STAT_H 1
| #define HAVE_SYS_TYPES_H 1
| #define HAVE_PTHREAD_H 1
| #define HAVE_SYS_TYPES_H 1
| #define HAVE_SYS_TIME_H 1
| #define HAVE_SYS_MSG_H 1
| #define HAVE_NETDB_H 1
| #define HAVE_NETINET_IN_H 1
| #define HAVE_NETINET_TCP_H 1
| #define HAVE_TIME_H 1
| #define HAVE_SYS_SOCKET_H 1
| #define HAVE_SYS_MMAN_H 1
| #define HAVE_ARPA_INET_H 1
| #define HAVE_SYS_SELECT_H 1
| #define HAVE_POLL_H 1
| #define HAVE_SEARCH_H 1
| #define MHD_DONT_USE_PIPES 1
| #define HAVE_MEMMEM 1
| #define HAVE_ACCEPT4 1
| #define HAVE_DECL_SOCK_NONBLOCK 1
| #define HAVE_SOCK_NONBLOCK 1
| #define HAVE_CLOCK_GETTIME 1
| #define HAVE_INET6 1
| #define HAVE_DECL_TCP_CORK 0
| #define HAVE_DECL_TCP_NOPUSH 0
| #define _MHD_EXTERN __attribute__((visibility("default"))) extern
| #define SPDY_SUPPORT 0
| /* end confdefs.h.  */
| #include <spdylay/spdylay.h>
configure:14781: result: no
configure:14781: checking for spdylay/spdylay.h
configure:14781: result: no
configure:14810: checking for special C compiler options needed for large files
configure:14855: result: no
configure:14861: checking for _FILE_OFFSET_BITS value needed for large files
configure:14886: gcc -c -g -O2 -fno-strict-aliasing  conftest.c >&5
configure:14886: $? = 0
configure:14918: result: no
configure:15003: checking for _LARGEFILE_SOURCE value needed for large files
configure:15022: gcc -o conftest.exe -g -O2 -fno-strict-aliasing   conftest.c  >&5
configure:15022: $? = 0
configure:15050: result: no
configure:15073: checking whether to generate error messages
configure:15082: result: yes
configure:15097: checking whether to enable postprocessor
configure:15107: result: yes
configure:15128: checking for zzuf
configure:15156: result: no
configure:15166: checking for socat
configure:15194: result: no
configure:15284: checking for libgcrypt-config
configure:15317: result: no
configure:15345: checking for LIBGCRYPT - version >= 1.2.2
configure:15382: result: no
configure:15469: checking for gnutls
configure:15762: result: --with-gnutls not specified
configure:15766: checking gnutls/gnutls.h usability
configure:15766: gcc -c -g -O2 -fno-strict-aliasing  conftest.c >&5
conftest.c:95:27: fatal error: gnutls/gnutls.h: No such file or directory
 #include <gnutls/gnutls.h>
                           ^
compilation terminated.
configure:15766: $? = 1
configure: failed program was:
| /* confdefs.h */
| #define PACKAGE_NAME "libmicrohttpd"
| #define PACKAGE_TARNAME "libmicrohttpd"
| #define PACKAGE_VERSION "0.9.38"
| #define PACKAGE_STRING "libmicrohttpd 0.9.38"
| #define PACKAGE_BUGREPORT "libmicrohttpd@gnu.org"
| #define PACKAGE_URL ""
| #define PACKAGE "libmicrohttpd"
| #define VERSION "0.9.38"
| #define STDC_HEADERS 1
| #define HAVE_SYS_TYPES_H 1
| #define HAVE_SYS_STAT_H 1
| #define HAVE_STDLIB_H 1
| #define HAVE_STRING_H 1
| #define HAVE_MEMORY_H 1
| #define HAVE_STRINGS_H 1
| #define HAVE_INTTYPES_H 1
| #define HAVE_STDINT_H 1
| #define HAVE_UNISTD_H 1
| #define HAVE_DLFCN_H 1
| #define LT_OBJDIR ".libs/"
| #define CYGWIN 1
| #define MHD_USE_POSIX_THREADS 1
| #define EPOLL_SUPPORT 0
| #define HAVE_FCNTL_H 1
| #define HAVE_MATH_H 1
| #define HAVE_ERRNO_H 1
| #define HAVE_LIMITS_H 1
| #define HAVE_STDIO_H 1
| #define HAVE_LOCALE_H 1
| #define HAVE_SYS_STAT_H 1
| #define HAVE_SYS_TYPES_H 1
| #define HAVE_PTHREAD_H 1
| #define HAVE_SYS_TYPES_H 1
| #define HAVE_SYS_TIME_H 1
| #define HAVE_SYS_MSG_H 1
| #define HAVE_NETDB_H 1
| #define HAVE_NETINET_IN_H 1
| #define HAVE_NETINET_TCP_H 1
| #define HAVE_TIME_H 1
| #define HAVE_SYS_SOCKET_H 1
| #define HAVE_SYS_MMAN_H 1
| #define HAVE_ARPA_INET_H 1
| #define HAVE_SYS_SELECT_H 1
| #define HAVE_POLL_H 1
| #define HAVE_SEARCH_H 1
| #define MHD_DONT_USE_PIPES 1
| #define HAVE_MEMMEM 1
| #define HAVE_ACCEPT4 1
| #define HAVE_DECL_SOCK_NONBLOCK 1
| #define HAVE_SOCK_NONBLOCK 1
| #define HAVE_CLOCK_GETTIME 1
| #define HAVE_INET6 1
| #define HAVE_DECL_TCP_CORK 0
| #define HAVE_DECL_TCP_NOPUSH 0
| #define _MHD_EXTERN __attribute__((visibility("default"))) extern
| #define SPDY_SUPPORT 0
| #define HAVE_FSEEKO 1
| #define HAVE_MESSAGES 1
| #define HAVE_POSTPROCESSOR 1
| /* end confdefs.h.  */
| #include <stdio.h>
| #ifdef HAVE_SYS_TYPES_H
| # include <sys/types.h>
| #endif
| #ifdef HAVE_SYS_STAT_H
| # include <sys/stat.h>
| #endif
| #ifdef STDC_HEADERS
| # include <stdlib.h>
| # include <stddef.h>
| #else
| # ifdef HAVE_STDLIB_H
| #  include <stdlib.h>
| # endif
| #endif
| #ifdef HAVE_STRING_H
| # if !defined STDC_HEADERS && defined HAVE_MEMORY_H
| #  include <memory.h>
| # endif
| # include <string.h>
| #endif
| #ifdef HAVE_STRINGS_H
| # include <strings.h>
| #endif
| #ifdef HAVE_INTTYPES_H
| # include <inttypes.h>
| #endif
| #ifdef HAVE_STDINT_H
| # include <stdint.h>
| #endif
| #ifdef HAVE_UNISTD_H
| # include <unistd.h>
| #endif
| #include <gnutls/gnutls.h>
configure:15766: result: no
configure:15766: checking gnutls/gnutls.h presence
configure:15766: gcc -E  conftest.c
conftest.c:62:27: fatal error: gnutls/gnutls.h: No such file or directory
 #include <gnutls/gnutls.h>
                           ^
compilation terminated.
configure:15766: $? = 1
configure: failed program was:
| /* confdefs.h */
| #define PACKAGE_NAME "libmicrohttpd"
| #define PACKAGE_TARNAME "libmicrohttpd"
| #define PACKAGE_VERSION "0.9.38"
| #define PACKAGE_STRING "libmicrohttpd 0.9.38"
| #define PACKAGE_BUGREPORT "libmicrohttpd@gnu.org"
| #define PACKAGE_URL ""
| #define PACKAGE "libmicrohttpd"
| #define VERSION "0.9.38"
| #define STDC_HEADERS 1
| #define HAVE_SYS_TYPES_H 1
| #define HAVE_SYS_STAT_H 1
| #define HAVE_STDLIB_H 1
| #define HAVE_STRING_H 1
| #define HAVE_MEMORY_H 1
| #define HAVE_STRINGS_H 1
| #define HAVE_INTTYPES_H 1
| #define HAVE_STDINT_H 1
| #define HAVE_UNISTD_H 1
| #define HAVE_DLFCN_H 1
| #define LT_OBJDIR ".libs/"
| #define CYGWIN 1
| #define MHD_USE_POSIX_THREADS 1
| #define EPOLL_SUPPORT 0
| #define HAVE_FCNTL_H 1
| #define HAVE_MATH_H 1
| #define HAVE_ERRNO_H 1
| #define HAVE_LIMITS_H 1
| #define HAVE_STDIO_H 1
| #define HAVE_LOCALE_H 1
| #define HAVE_SYS_STAT_H 1
| #define HAVE_SYS_TYPES_H 1
| #define HAVE_PTHREAD_H 1
| #define HAVE_SYS_TYPES_H 1
| #define HAVE_SYS_TIME_H 1
| #define HAVE_SYS_MSG_H 1
| #define HAVE_NETDB_H 1
| #define HAVE_NETINET_IN_H 1
| #define HAVE_NETINET_TCP_H 1
| #define HAVE_TIME_H 1
| #define HAVE_SYS_SOCKET_H 1
| #define HAVE_SYS_MMAN_H 1
| #define HAVE_ARPA_INET_H 1
| #define HAVE_SYS_SELECT_H 1
| #define HAVE_POLL_H 1
| #define HAVE_SEARCH_H 1
| #define MHD_DONT_USE_PIPES 1
| #define HAVE_MEMMEM 1
| #define HAVE_ACCEPT4 1
| #define HAVE_DECL_SOCK_NONBLOCK 1
| #define HAVE_SOCK_NONBLOCK 1
| #define HAVE_CLOCK_GETTIME 1
| #define HAVE_INET6 1
| #define HAVE_DECL_TCP_CORK 0
| #define HAVE_DECL_TCP_NOPUSH 0
| #define _MHD_EXTERN __attribute__((visibility("default"))) extern
| #define SPDY_SUPPORT 0
| #define HAVE_FSEEKO 1
| #define HAVE_MESSAGES 1
| #define HAVE_POSTPROCESSOR 1
| /* end confdefs.h.  */
| #include <gnutls/gnutls.h>
configure:15766: result: no
configure:15766: checking for gnutls/gnutls.h
configure:15766: result: no
configure:15921: checking whether to support HTTPS
configure:15967: result: no (lacking libgrypt and libgnutls)
configure:15980: checking whether to support HTTP basic authentication
configure:16000: result: yes
configure:16012: checking whether to support HTTP digest authentication
configure:16032: result: yes
configure:16048: checking whether to compile with support for code coverage analysis
configure:16057: result: no
configure:16071: checking the number of available CPUs
configure:16130: result: 4 
configure:16259: checking that generated files are newer than configure
configure:16265: result: done
configure:16401: creating ./config.status

## ---------------------- ##
## Running config.status. ##
## ---------------------- ##

This file was extended by libmicrohttpd config.status 0.9.38, which was
generated by GNU Autoconf 2.69.  Invocation command line was

  CONFIG_FILES    = 
  CONFIG_HEADERS  = 
  CONFIG_LINKS    = 
  CONFIG_COMMANDS = 
  $ ./config.status 

on bantower

config.status:1301: creating src/microhttpd/microhttpd_dll_res.rc
config.status:1301: creating libmicrohttpd.pc
config.status:1301: creating libmicrospdy.pc
config.status:1301: creating Makefile
config.status:1301: creating contrib/Makefile
config.status:1301: creating doc/Makefile
config.status:1301: creating doc/doxygen/Makefile
config.status:1301: creating doc/examples/Makefile
config.status:1301: creating m4/Makefile
config.status:1301: creating src/Makefile
config.status:1301: creating src/include/Makefile
config.status:1301: creating src/platform/Makefile
config.status:1301: creating src/microhttpd/Makefile
config.status:1301: creating src/microspdy/Makefile
config.status:1301: creating src/spdy2http/Makefile
config.status:1301: creating src/examples/Makefile
config.status:1301: creating src/testcurl/Makefile
config.status:1301: creating src/testcurl/https/Makefile
config.status:1301: creating src/testspdy/Makefile
config.status:1301: creating src/testzzuf/Makefile
config.status:1301: creating MHD_config.h
config.status:1530: executing depfiles commands
config.status:1530: executing libtool commands
configure:18885: Configuration Summary:
  Operating System:  cygwin
  Threading lib:     posix
  libcurl (testing): no, many unit tests will not run
  Target directory:  /usr/local
  Messages:          yes
  Basic auth.:       yes
  Digest auth.:      yes
  Postproc:          yes
  HTTPS support:     no (lacking libgrypt and libgnutls)
  epoll support:     no
  build docs:        yes
  build examples:    yes
  libmicrospdy:      no
  spdylay (testing): no

configure:18914:
  License         :  LGPL or eCos


## ---------------- ##
## Cache variables. ##
## ---------------- ##

ac_cv_build=x86_64-unknown-cygwin
ac_cv_c_bigendian=no
ac_cv_c_compiler_gnu=yes
ac_cv_env_CC_set=
ac_cv_env_CC_value=
ac_cv_env_CFLAGS_set=
ac_cv_env_CFLAGS_value=
ac_cv_env_CPPFLAGS_set=
ac_cv_env_CPPFLAGS_value=
ac_cv_env_CPP_set=
ac_cv_env_CPP_value=
ac_cv_env_LDFLAGS_set=
ac_cv_env_LDFLAGS_value=
ac_cv_env_LIBS_set=
ac_cv_env_LIBS_value=
ac_cv_env_build_alias_set=
ac_cv_env_build_alias_value=
ac_cv_env_host_alias_set=
ac_cv_env_host_alias_value=
ac_cv_env_target_alias_set=
ac_cv_env_target_alias_value=
ac_cv_exeext=.exe
ac_cv_func_accept4=yes
ac_cv_func_memmem=yes
ac_cv_have_decl_SOCK_NONBLOCK=yes
ac_cv_have_decl_TCP_CORK=no
ac_cv_have_decl_TCP_NOPUSH=no
ac_cv_header_arpa_inet_h=yes
ac_cv_header_dlfcn_h=yes
ac_cv_header_errno_h=yes
ac_cv_header_fcntl_h=yes
ac_cv_header_gnutls_gnutls_h=no
ac_cv_header_inttypes_h=yes
ac_cv_header_limits_h=yes
ac_cv_header_linux_version_h=no
ac_cv_header_locale_h=yes
ac_cv_header_math_h=yes
ac_cv_header_memory_h=yes
ac_cv_header_netdb_h=yes
ac_cv_header_netinet_in_h=yes
ac_cv_header_netinet_tcp_h=yes
ac_cv_header_poll_h=yes
ac_cv_header_pthread_h=yes
ac_cv_header_search_h=yes
ac_cv_header_spdylay_spdylay_h=no
ac_cv_header_stdc=yes
ac_cv_header_stdint_h=yes
ac_cv_header_stdio_h=yes
ac_cv_header_stdlib_h=yes
ac_cv_header_string_h=yes
ac_cv_header_strings_h=yes
ac_cv_header_sys_mman_h=yes
ac_cv_header_sys_msg_h=yes
ac_cv_header_sys_select_h=yes
ac_cv_header_sys_socket_h=yes
ac_cv_header_sys_stat_h=yes
ac_cv_header_sys_time_h=yes
ac_cv_header_sys_types_h=yes
ac_cv_header_time_h=yes
ac_cv_header_unistd_h=yes
ac_cv_header_windows_h=yes
ac_cv_host=x86_64-unknown-cygwin
ac_cv_lib_magic_magic_open=no
ac_cv_member_struct_sockaddr_in_sin_len=no
ac_cv_objext=o
ac_cv_path_EGREP='/usr/bin/grep -E'
ac_cv_path_FGREP='/usr/bin/grep -F'
ac_cv_path_GREP=/usr/bin/grep
ac_cv_path_SED=/usr/bin/sed
ac_cv_path_install='/usr/bin/install -c'
ac_cv_path_mkdir=/usr/bin/mkdir
ac_cv_prog_AWK=gawk
ac_cv_prog_CPP='gcc -E'
ac_cv_prog_HAVE_CURL_BINARY=no
ac_cv_prog_HAVE_MAKEINFO_BINARY=yes
ac_cv_prog_ac_ct_AR=ar
ac_cv_prog_ac_ct_AS=as
ac_cv_prog_ac_ct_CC=gcc
ac_cv_prog_ac_ct_DLLTOOL=dlltool
ac_cv_prog_ac_ct_OBJDUMP=objdump
ac_cv_prog_ac_ct_RANLIB=ranlib
ac_cv_prog_ac_ct_RC=windres
ac_cv_prog_ac_ct_STRIP=strip
ac_cv_prog_cc_c89=
ac_cv_prog_cc_g=yes
ac_cv_prog_have_socat=no
ac_cv_prog_have_zzuf=no
ac_cv_prog_make_make_set=yes
ac_cv_search_clock_gettime='none required'
ac_cv_sys_file_offset_bits=no
ac_cv_sys_largefile_CC=no
ac_cv_sys_largefile_source=no
am_cv_CC_dependencies_compiler_type=gcc3
am_cv_make_support_nested_variables=yes
am_cv_prog_cc_c_o=yes
ax_cv_PTHREAD_PRIO_INHERIT=no
ax_cv_check_cflags___fno_strict_aliasing=yes
ax_cv_check_cflags___fvisibility_hidden=yes
ax_cv_have_epoll=no
libcurl_cv_lib_curl_usable=no
lt_cv_ar_at_file=@
lt_cv_archive_cmds_need_lc=yes
lt_cv_deplibs_check_method='file_magic ^x86 archive import|^x86 DLL'
lt_cv_file_magic_cmd=func_win32_libid
lt_cv_file_magic_test_file=
lt_cv_ld_reload_flag=-r
lt_cv_nm_interface='BSD nm'
lt_cv_objdir=.libs
lt_cv_path_LD=/usr/x86_64-pc-cygwin/bin/ld.exe
lt_cv_path_NM='/usr/bin/nm -B'
lt_cv_path_mainfest_tool=no
lt_cv_prog_compiler_c_o=yes
lt_cv_prog_compiler_c_o_RC=yes
lt_cv_prog_compiler_pic='-DDLL_EXPORT -DPIC'
lt_cv_prog_compiler_pic_works=yes
lt_cv_prog_compiler_rtti_exceptions=no
lt_cv_prog_compiler_static_works=yes
lt_cv_prog_gnu_ld=yes
lt_cv_sharedlib_from_linklib_cmd=func_cygming_dll_for_implib
lt_cv_sys_global_symbol_pipe='sed -n -e '\''s/^.*[	 ]\([ABCDGIRSTW][ABCDGIRSTW]*\)[	 ][	 ]*\([_A-Za-z][_A-Za-z0-9]*\)$/\1 \2 \2/p'\'' | sed '\''/ __gnu_lto/d'\'''
lt_cv_sys_global_symbol_to_c_name_address='sed -n -e '\''s/^: \([^ ]*\)[ ]*$/  {\"\1\", (void *) 0},/p'\'' -e '\''s/^[ABCDGIRSTW]* \([^ ]*\) \([^ ]*\)$/  {"\2", (void *) \&\2},/p'\'''
lt_cv_sys_global_symbol_to_c_name_address_lib_prefix='sed -n -e '\''s/^: \([^ ]*\)[ ]*$/  {\"\1\", (void *) 0},/p'\'' -e '\''s/^[ABCDGIRSTW]* \([^ ]*\) \(lib[^ ]*\)$/  {"\2", (void *) \&\2},/p'\'' -e '\''s/^[ABCDGIRSTW]* \([^ ]*\) \([^ ]*\)$/  {"lib\2", (void *) \&\2},/p'\'''
lt_cv_sys_global_symbol_to_cdecl='sed -n -e '\''s/^T .* \(.*\)$/extern int \1();/p'\'' -e '\''s/^[ABCDGIRSTW]* .* \(.*\)$/extern char \1;/p'\'''
lt_cv_sys_max_cmd_len=8192
lt_cv_to_host_file_cmd=func_convert_file_noop
lt_cv_to_tool_file_cmd=func_convert_file_noop

## ----------------- ##
## Output variables. ##
## ----------------- ##

ACLOCAL='${SHELL} "/cygdrive/c/Documents and Settings/banshee/Mis documentos/NetBeansProjects/BanPCars/ext-sources/libmicrohttpd-0.9.38/libmicrohttpd-0.9.38/missing" aclocal-1.14'
AMDEPBACKSLASH='\'
AMDEP_FALSE='#'
AMDEP_TRUE=''
AMTAR='$${TAR-tar}'
AM_BACKSLASH='\'
AM_DEFAULT_V='$(AM_DEFAULT_VERBOSITY)'
AM_DEFAULT_VERBOSITY='1'
AM_V='$(V)'
AR='ar'
AS='as'
AUTOCONF='${SHELL} "/cygdrive/c/Documents and Settings/banshee/Mis documentos/NetBeansProjects/BanPCars/ext-sources/libmicrohttpd-0.9.38/libmicrohttpd-0.9.38/missing" autoconf'
AUTOHEADER='${SHELL} "/cygdrive/c/Documents and Settings/banshee/Mis documentos/NetBeansProjects/BanPCars/ext-sources/libmicrohttpd-0.9.38/libmicrohttpd-0.9.38/missing" autoheader'
AUTOMAKE='${SHELL} "/cygdrive/c/Documents and Settings/banshee/Mis documentos/NetBeansProjects/BanPCars/ext-sources/libmicrohttpd-0.9.38/libmicrohttpd-0.9.38/missing" automake-1.14'
AWK='gawk'
BUILD_DOC_FALSE='#'
BUILD_DOC_TRUE=''
BUILD_EXAMPLES_FALSE='#'
BUILD_EXAMPLES_TRUE=''
CC='gcc'
CCDEPMODE='depmode=gcc3'
CFLAGS='-g -O2 -fno-strict-aliasing'
CPP='gcc -E'
CPPFLAGS=''
CPU_COUNT='4'
CYGPATH_W='cygpath -w'
DEFS='-DHAVE_CONFIG_H'
DEPDIR='.deps'
DLLTOOL='dlltool'
DSYMUTIL=''
DUMPBIN=''
ECHO_C=''
ECHO_N='-n'
ECHO_T=''
EGREP='/usr/bin/grep -E'
ENABLE_BAUTH_FALSE='#'
ENABLE_BAUTH_TRUE=''
ENABLE_DAUTH_FALSE='#'
ENABLE_DAUTH_TRUE=''
ENABLE_HTTPS_FALSE=''
ENABLE_HTTPS_TRUE='#'
ENABLE_SPDY_FALSE=''
ENABLE_SPDY_TRUE='#'
EXEEXT='.exe'
FGREP='/usr/bin/grep -F'
GNUTLS_CPPFLAGS=''
GNUTLS_LDFLAGS=''
GNUTLS_LIBS=''
GREP='/usr/bin/grep'
HAVE_CURL_BINARY='no'
HAVE_CURL_BINARY_FALSE=''
HAVE_CURL_BINARY_TRUE='#'
HAVE_CURL_FALSE=''
HAVE_CURL_TRUE='#'
HAVE_GNUTLS_FALSE=''
HAVE_GNUTLS_SNI_FALSE=''
HAVE_GNUTLS_SNI_TRUE='#'
HAVE_GNUTLS_TRUE='#'
HAVE_MAGIC_FALSE=''
HAVE_MAGIC_TRUE='#'
HAVE_MAKEINFO_BINARY='yes'
HAVE_MAKEINFO_BINARY_FALSE='#'
HAVE_MAKEINFO_BINARY_TRUE=''
HAVE_OPENSSL_FALSE=''
HAVE_OPENSSL_TRUE='#'
HAVE_POSIX_THREADS_FALSE='#'
HAVE_POSIX_THREADS_TRUE=''
HAVE_POSTPROCESSOR_FALSE='#'
HAVE_POSTPROCESSOR_TRUE=''
HAVE_SOCAT_FALSE=''
HAVE_SOCAT_TRUE='#'
HAVE_SPDYLAY_FALSE=''
HAVE_SPDYLAY_TRUE='#'
HAVE_TSEARCH_FALSE='#'
HAVE_TSEARCH_TRUE=''
HAVE_W32_FALSE=''
HAVE_W32_TRUE='#'
HAVE_ZZUF_FALSE=''
HAVE_ZZUF_TRUE='#'
HIDDEN_VISIBILITY_CFLAGS='-fvisibility=hidden'
INSTALL_DATA='${INSTALL} -m 644'
INSTALL_PROGRAM='${INSTALL}'
INSTALL_SCRIPT='${INSTALL}'
INSTALL_STRIP_PROGRAM='$(install_sh) -c -s'
LD='/usr/x86_64-pc-cygwin/bin/ld.exe'
LDFLAGS=''
LIBCURL=''
LIBCURL_CPPFLAGS=''
LIBGCRYPT_CFLAGS=''
LIBGCRYPT_CONFIG='no'
LIBGCRYPT_LIBS=''
LIBOBJS=''
LIBS=''
LIBSPDY_VERSION_AGE='0'
LIBSPDY_VERSION_CURRENT='0'
LIBSPDY_VERSION_REVISION='0'
LIBTOOL='$(SHELL) $(top_builddir)/libtool'
LIB_VERSION_AGE='28'
LIB_VERSION_CURRENT='38'
LIB_VERSION_REVISION='0'
LIPO=''
LN_S='ln -s'
LTLIBOBJS=''
MAKEINFO='${SHELL} "/cygdrive/c/Documents and Settings/banshee/Mis documentos/NetBeansProjects/BanPCars/ext-sources/libmicrohttpd-0.9.38/libmicrohttpd-0.9.38/missing" makeinfo'
MANIFEST_TOOL=':'
MHD_LIBDEPS=' '
MHD_LIB_CFLAGS=' '
MHD_LIB_CPPFLAGS=''
MHD_LIB_LDFLAGS=' -export-dynamic -no-undefined'
MKDIR_P='/usr/bin/mkdir -p'
MS_LIB_TOOL=''
NM='/usr/bin/nm -B'
NMEDIT=''
OBJDUMP='objdump'
OBJEXT='o'
OPENSSL_INCLUDES=''
OPENSSL_LDFLAGS=''
OPENSSL_LIBS=''
OTOOL64=''
OTOOL=''
PACKAGE='libmicrohttpd'
PACKAGE_BUGREPORT='libmicrohttpd@gnu.org'
PACKAGE_NAME='libmicrohttpd'
PACKAGE_STRING='libmicrohttpd 0.9.38'
PACKAGE_TARNAME='libmicrohttpd'
PACKAGE_URL=''
PACKAGE_VERSION='0.9.38'
PACKAGE_VERSION_MAJOR='0'
PACKAGE_VERSION_MINOR='9'
PACKAGE_VERSION_SUBMINOR='38'
PATH_SEPARATOR=':'
PKG_CONFIG=''
PTHREAD_CC='gcc'
PTHREAD_CFLAGS=''
PTHREAD_LIBS=''
RANLIB='ranlib'
RC='windres'
SED='/usr/bin/sed'
SET_MAKE=''
SHELL='/bin/sh'
SPDY_LIBDEPS=''
SPDY_LIB_CFLAGS='-g -O2 -fno-strict-aliasing'
SPDY_LIB_CPPFLAGS=' '
SPDY_LIB_LDFLAGS=' '
STRIP='strip'
USE_COVERAGE_FALSE=''
USE_COVERAGE_TRUE='#'
USE_MS_LIB_TOOL_FALSE=''
USE_MS_LIB_TOOL_TRUE='#'
USE_POSIX_THREADS_FALSE='#'
USE_POSIX_THREADS_TRUE=''
USE_W32_THREADS_FALSE=''
USE_W32_THREADS_TRUE='#'
VERSION='0.9.38'
W32_SHARED_LIB_EXP_FALSE=''
W32_SHARED_LIB_EXP_TRUE='#'
W32_STATIC_LIB_FALSE=''
W32_STATIC_LIB_TRUE='#'
_libcurl_config=''
ac_ct_AR='ar'
ac_ct_CC='gcc'
ac_ct_DUMPBIN=''
am__EXEEXT_FALSE='#'
am__EXEEXT_TRUE=''
am__fastdepCC_FALSE='#'
am__fastdepCC_TRUE=''
am__include='include'
am__isrc=''
am__leading_dot='.'
am__nodep='_no'
am__quote=''
am__tar='$${TAR-tar} chof - "$$tardir"'
am__untar='$${TAR-tar} xf -'
ax_pthread_config=''
bindir='${exec_prefix}/bin'
build='x86_64-unknown-cygwin'
build_alias=''
build_cpu='x86_64'
build_os='cygwin'
build_vendor='unknown'
datadir='${datarootdir}'
datarootdir='${prefix}/share'
docdir='${datarootdir}/doc/${PACKAGE_TARNAME}'
dvidir='${docdir}'
exec_prefix='${prefix}'
have_socat='no'
have_zzuf='no'
host='x86_64-unknown-cygwin'
host_alias=''
host_cpu='x86_64'
host_os='cygwin'
host_vendor='unknown'
htmldir='${docdir}'
includedir='${prefix}/include'
infodir='${datarootdir}/info'
install_sh='${SHELL} '\''/cygdrive/c/Documents and Settings/banshee/Mis documentos/NetBeansProjects/BanPCars/ext-sources/libmicrohttpd-0.9.38/libmicrohttpd-0.9.38/install-sh'\'''
libdir='${exec_prefix}/lib'
libexecdir='${exec_prefix}/libexec'
localedir='${datarootdir}/locale'
localstatedir='${prefix}/var'
lt_cv_objdir='.libs'
mandir='${datarootdir}/man'
mkdir_p='$(MKDIR_P)'
oldincludedir='/usr/include'
pdfdir='${docdir}'
prefix='/usr/local'
program_transform_name='s,x,x,'
psdir='${docdir}'
sbindir='${exec_prefix}/sbin'
sharedstatedir='${prefix}/com'
sysconfdir='${prefix}/etc'
target_alias=''

## ----------- ##
## confdefs.h. ##
## ----------- ##

/* confdefs.h */
#define PACKAGE_NAME "libmicrohttpd"
#define PACKAGE_TARNAME "libmicrohttpd"
#define PACKAGE_VERSION "0.9.38"
#define PACKAGE_STRING "libmicrohttpd 0.9.38"
#define PACKAGE_BUGREPORT "libmicrohttpd@gnu.org"
#define PACKAGE_URL ""
#define PACKAGE "libmicrohttpd"
#define VERSION "0.9.38"
#define STDC_HEADERS 1
#define HAVE_SYS_TYPES_H 1
#define HAVE_SYS_STAT_H 1
#define HAVE_STDLIB_H 1
#define HAVE_STRING_H 1
#define HAVE_MEMORY_H 1
#define HAVE_STRINGS_H 1
#define HAVE_INTTYPES_H 1
#define HAVE_STDINT_H 1
#define HAVE_UNISTD_H 1
#define HAVE_DLFCN_H 1
#define LT_OBJDIR ".libs/"
#define CYGWIN 1
#define MHD_USE_POSIX_THREADS 1
#define EPOLL_SUPPORT 0
#define HAVE_FCNTL_H 1
#define HAVE_MATH_H 1
#define HAVE_ERRNO_H 1
#define HAVE_LIMITS_H 1
#define HAVE_STDIO_H 1
#define HAVE_LOCALE_H 1
#define HAVE_SYS_STAT_H 1
#define HAVE_SYS_TYPES_H 1
#define HAVE_PTHREAD_H 1
#define HAVE_SYS_TYPES_H 1
#define HAVE_SYS_TIME_H 1
#define HAVE_SYS_MSG_H 1
#define HAVE_NETDB_H 1
#define HAVE_NETINET_IN_H 1
#define HAVE_NETINET_TCP_H 1
#define HAVE_TIME_H 1
#define HAVE_SYS_SOCKET_H 1
#define HAVE_SYS_MMAN_H 1
#define HAVE_ARPA_INET_H 1
#define HAVE_SYS_SELECT_H 1
#define HAVE_POLL_H 1
#define HAVE_SEARCH_H 1
#define MHD_DONT_USE_PIPES 1
#define HAVE_MEMMEM 1
#define HAVE_ACCEPT4 1
#define HAVE_DECL_SOCK_NONBLOCK 1
#define HAVE_SOCK_NONBLOCK 1
#define HAVE_CLOCK_GETTIME 1
#define HAVE_INET6 1
#define HAVE_DECL_TCP_CORK 0
#define HAVE_DECL_TCP_NOPUSH 0
#define _MHD_EXTERN __attribute__((visibility("default"))) extern
#define SPDY_SUPPORT 0
#define HAVE_FSEEKO 1
#define HAVE_MESSAGES 1
#define HAVE_POSTPROCESSOR 1
#define HTTPS_SUPPORT 0
#define BAUTH_SUPPORT 1
#define DAUTH_SUPPORT 1

configure: exit 0
